{
    "meta": {
        "format": 3,
        "version": "7.13.4",
        "timestamp": "2026-03-06T09:59:33.634439",
        "branch_coverage": true,
        "show_contexts": false
    },
    "files": {
        "mosaic/__init__.py": {
            "executed_lines": [
                2
            ],
            "summary": {
                "covered_lines": 1,
                "num_statements": 1,
                "percent_covered": 100.0,
                "percent_covered_display": "100",
                "missing_lines": 0,
                "excluded_lines": 0,
                "percent_statements_covered": 100.0,
                "percent_statements_covered_display": "100",
                "num_branches": 0,
                "num_partial_branches": 0,
                "covered_branches": 0,
                "missing_branches": 0,
                "percent_branches_covered": 100.0,
                "percent_branches_covered_display": "100"
            },
            "missing_lines": [],
            "excluded_lines": [],
            "executed_branches": [],
            "missing_branches": [],
            "functions": {
                "": {
                    "executed_lines": [
                        2
                    ],
                    "summary": {
                        "covered_lines": 1,
                        "num_statements": 1,
                        "percent_covered": 100.0,
                        "percent_covered_display": "100",
                        "missing_lines": 0,
                        "excluded_lines": 0,
                        "percent_statements_covered": 100.0,
                        "percent_statements_covered_display": "100",
                        "num_branches": 0,
                        "num_partial_branches": 0,
                        "covered_branches": 0,
                        "missing_branches": 0,
                        "percent_branches_covered": 100.0,
                        "percent_branches_covered_display": "100"
                    },
                    "missing_lines": [],
                    "excluded_lines": [],
                    "start_line": 1,
                    "executed_branches": [],
                    "missing_branches": []
                }
            },
            "classes": {
                "": {
                    "executed_lines": [
                        2
                    ],
                    "summary": {
                        "covered_lines": 1,
                        "num_statements": 1,
                        "percent_covered": 100.0,
                        "percent_covered_display": "100",
                        "missing_lines": 0,
                        "excluded_lines": 0,
                        "percent_statements_covered": 100.0,
                        "percent_statements_covered_display": "100",
                        "num_branches": 0,
                        "num_partial_branches": 0,
                        "covered_branches": 0,
                        "missing_branches": 0,
                        "percent_branches_covered": 100.0,
                        "percent_branches_covered_display": "100"
                    },
                    "missing_lines": [],
                    "excluded_lines": [],
                    "start_line": 1,
                    "executed_branches": [],
                    "missing_branches": []
                }
            }
        },
        "mosaic/cli.py": {
            "executed_lines": [],
            "summary": {
                "covered_lines": 0,
                "num_statements": 132,
                "percent_covered": 0.0,
                "percent_covered_display": "0",
                "missing_lines": 132,
                "excluded_lines": 2,
                "percent_statements_covered": 0.0,
                "percent_statements_covered_display": "0",
                "num_branches": 52,
                "num_partial_branches": 0,
                "covered_branches": 0,
                "missing_branches": 52,
                "percent_branches_covered": 0.0,
                "percent_branches_covered_display": "0"
            },
            "missing_lines": [
                2,
                3,
                4,
                5,
                6,
                7,
                8,
                9,
                11,
                12,
                13,
                14,
                15,
                16,
                21,
                22,
                25,
                26,
                27,
                28,
                29,
                30,
                31,
                34,
                35,
                36,
                37,
                38,
                39,
                40,
                41,
                42,
                45,
                46,
                57,
                58,
                59,
                62,
                66,
                67,
                68,
                69,
                70,
                71,
                74,
                75,
                76,
                77,
                78,
                79,
                80,
                81,
                82,
                83,
                84,
                85,
                87,
                88,
                89,
                90,
                92,
                93,
                95,
                96,
                98,
                99,
                100,
                103,
                104,
                106,
                108,
                109,
                112,
                113,
                117,
                118,
                119,
                120,
                121,
                122,
                123,
                125,
                128,
                129,
                137,
                139,
                140,
                141,
                142,
                143,
                144,
                145,
                146,
                148,
                149,
                150,
                152,
                153,
                154,
                157,
                158,
                159,
                160,
                161,
                162,
                163,
                164,
                165,
                167,
                168,
                169,
                170,
                172,
                173,
                176,
                177,
                178,
                179,
                181,
                182,
                183,
                184,
                185,
                186,
                187,
                188,
                189,
                190,
                191,
                193,
                194,
                196
            ],
            "excluded_lines": [
                199,
                200
            ],
            "executed_branches": [],
            "missing_branches": [
                [
                    28,
                    29
                ],
                [
                    28,
                    30
                ],
                [
                    30,
                    31
                ],
                [
                    30,
                    34
                ],
                [
                    34,
                    35
                ],
                [
                    34,
                    38
                ],
                [
                    36,
                    37
                ],
                [
                    36,
                    38
                ],
                [
                    38,
                    39
                ],
                [
                    38,
                    40
                ],
                [
                    40,
                    41
                ],
                [
                    40,
                    42
                ],
                [
                    66,
                    67
                ],
                [
                    66,
                    74
                ],
                [
                    69,
                    70
                ],
                [
                    69,
                    74
                ],
                [
                    75,
                    76
                ],
                [
                    75,
                    87
                ],
                [
                    77,
                    78
                ],
                [
                    77,
                    87
                ],
                [
                    92,
                    93
                ],
                [
                    92,
                    95
                ],
                [
                    95,
                    96
                ],
                [
                    95,
                    98
                ],
                [
                    98,
                    99
                ],
                [
                    98,
                    103
                ],
                [
                    103,
                    104
                ],
                [
                    103,
                    106
                ],
                [
                    108,
                    -45
                ],
                [
                    108,
                    109
                ],
                [
                    122,
                    123
                ],
                [
                    122,
                    125
                ],
                [
                    139,
                    140
                ],
                [
                    139,
                    141
                ],
                [
                    141,
                    142
                ],
                [
                    141,
                    143
                ],
                [
                    143,
                    144
                ],
                [
                    143,
                    145
                ],
                [
                    145,
                    146
                ],
                [
                    145,
                    148
                ],
                [
                    148,
                    149
                ],
                [
                    148,
                    152
                ],
                [
                    152,
                    -128
                ],
                [
                    152,
                    153
                ],
                [
                    167,
                    168
                ],
                [
                    167,
                    172
                ],
                [
                    182,
                    183
                ],
                [
                    182,
                    196
                ],
                [
                    183,
                    184
                ],
                [
                    183,
                    186
                ],
                [
                    189,
                    190
                ],
                [
                    189,
                    193
                ]
            ],
            "functions": {
                "_build_sources": {
                    "executed_lines": [],
                    "summary": {
                        "covered_lines": 0,
                        "num_statements": 15,
                        "percent_covered": 0.0,
                        "percent_covered_display": "0",
                        "missing_lines": 15,
                        "excluded_lines": 0,
                        "percent_statements_covered": 0.0,
                        "percent_statements_covered_display": "0",
                        "num_branches": 12,
                        "num_partial_branches": 0,
                        "covered_branches": 0,
                        "missing_branches": 12,
                        "percent_branches_covered": 0.0,
                        "percent_branches_covered_display": "0"
                    },
                    "missing_lines": [
                        26,
                        27,
                        28,
                        29,
                        30,
                        31,
                        34,
                        35,
                        36,
                        37,
                        38,
                        39,
                        40,
                        41,
                        42
                    ],
                    "excluded_lines": [],
                    "start_line": 25,
                    "executed_branches": [],
                    "missing_branches": [
                        [
                            28,
                            29
                        ],
                        [
                            28,
                            30
                        ],
                        [
                            30,
                            31
                        ],
                        [
                            30,
                            34
                        ],
                        [
                            34,
                            35
                        ],
                        [
                            34,
                            38
                        ],
                        [
                            36,
                            37
                        ],
                        [
                            36,
                            38
                        ],
                        [
                            38,
                            39
                        ],
                        [
                            38,
                            40
                        ],
                        [
                            40,
                            41
                        ],
                        [
                            40,
                            42
                        ]
                    ]
                },
                "search": {
                    "executed_lines": [],
                    "summary": {
                        "covered_lines": 0,
                        "num_statements": 38,
                        "percent_covered": 0.0,
                        "percent_covered_display": "0",
                        "missing_lines": 38,
                        "excluded_lines": 0,
                        "percent_statements_covered": 0.0,
                        "percent_statements_covered_display": "0",
                        "num_branches": 18,
                        "num_partial_branches": 0,
                        "covered_branches": 0,
                        "missing_branches": 18,
                        "percent_branches_covered": 0.0,
                        "percent_branches_covered_display": "0"
                    },
                    "missing_lines": [
                        57,
                        58,
                        59,
                        62,
                        66,
                        67,
                        68,
                        69,
                        70,
                        71,
                        74,
                        75,
                        76,
                        77,
                        78,
                        79,
                        80,
                        81,
                        82,
                        83,
                        84,
                        85,
                        87,
                        88,
                        89,
                        90,
                        92,
                        93,
                        95,
                        96,
                        98,
                        99,
                        100,
                        103,
                        104,
                        106,
                        108,
                        109
                    ],
                    "excluded_lines": [],
                    "start_line": 46,
                    "executed_branches": [],
                    "missing_branches": [
                        [
                            66,
                            67
                        ],
                        [
                            66,
                            74
                        ],
                        [
                            69,
                            70
                        ],
                        [
                            69,
                            74
                        ],
                        [
                            75,
                            76
                        ],
                        [
                            75,
                            87
                        ],
                        [
                            77,
                            78
                        ],
                        [
                            77,
                            87
                        ],
                        [
                            92,
                            93
                        ],
                        [
                            92,
                            95
                        ],
                        [
                            95,
                            96
                        ],
                        [
                            95,
                            98
                        ],
                        [
                            98,
                            99
                        ],
                        [
                            98,
                            103
                        ],
                        [
                            103,
                            104
                        ],
                        [
                            103,
                            106
                        ],
                        [
                            108,
                            -45
                        ],
                        [
                            108,
                            109
                        ]
                    ]
                },
                "get": {
                    "executed_lines": [],
                    "summary": {
                        "covered_lines": 0,
                        "num_statements": 8,
                        "percent_covered": 0.0,
                        "percent_covered_display": "0",
                        "missing_lines": 8,
                        "excluded_lines": 0,
                        "percent_statements_covered": 0.0,
                        "percent_statements_covered_display": "0",
                        "num_branches": 2,
                        "num_partial_branches": 0,
                        "covered_branches": 0,
                        "missing_branches": 2,
                        "percent_branches_covered": 0.0,
                        "percent_branches_covered_display": "0"
                    },
                    "missing_lines": [
                        117,
                        118,
                        119,
                        120,
                        121,
                        122,
                        123,
                        125
                    ],
                    "excluded_lines": [],
                    "start_line": 113,
                    "executed_branches": [],
                    "missing_branches": [
                        [
                            122,
                            123
                        ],
                        [
                            122,
                            125
                        ]
                    ]
                },
                "config": {
                    "executed_lines": [],
                    "summary": {
                        "covered_lines": 0,
                        "num_statements": 15,
                        "percent_covered": 0.0,
                        "percent_covered_display": "0",
                        "missing_lines": 15,
                        "excluded_lines": 0,
                        "percent_statements_covered": 0.0,
                        "percent_statements_covered_display": "0",
                        "num_branches": 12,
                        "num_partial_branches": 0,
                        "covered_branches": 0,
                        "missing_branches": 12,
                        "percent_branches_covered": 0.0,
                        "percent_branches_covered_display": "0"
                    },
                    "missing_lines": [
                        137,
                        139,
                        140,
                        141,
                        142,
                        143,
                        144,
                        145,
                        146,
                        148,
                        149,
                        150,
                        152,
                        153,
                        154
                    ],
                    "excluded_lines": [],
                    "start_line": 129,
                    "executed_branches": [],
                    "missing_branches": [
                        [
                            139,
                            140
                        ],
                        [
                            139,
                            141
                        ],
                        [
                            141,
                            142
                        ],
                        [
                            141,
                            143
                        ],
                        [
                            143,
                            144
                        ],
                        [
                            143,
                            145
                        ],
                        [
                            145,
                            146
                        ],
                        [
                            145,
                            148
                        ],
                        [
                            148,
                            149
                        ],
                        [
                            148,
                            152
                        ],
                        [
                            152,
                            -128
                        ],
                        [
                            152,
                            153
                        ]
                    ]
                },
                "_print_results": {
                    "executed_lines": [],
                    "summary": {
                        "covered_lines": 0,
                        "num_statements": 14,
                        "percent_covered": 0.0,
                        "percent_covered_display": "0",
                        "missing_lines": 14,
                        "excluded_lines": 0,
                        "percent_statements_covered": 0.0,
                        "percent_statements_covered_display": "0",
                        "num_branches": 2,
                        "num_partial_branches": 0,
                        "covered_branches": 0,
                        "missing_branches": 2,
                        "percent_branches_covered": 0.0,
                        "percent_branches_covered_display": "0"
                    },
                    "missing_lines": [
                        158,
                        159,
                        160,
                        161,
                        162,
                        163,
                        164,
                        165,
                        167,
                        168,
                        169,
                        170,
                        172,
                        173
                    ],
                    "excluded_lines": [],
                    "start_line": 157,
                    "executed_branches": [],
                    "missing_branches": [
                        [
                            167,
                            168
                        ],
                        [
                            167,
                            172
                        ]
                    ]
                },
                "_download_all": {
                    "executed_lines": [],
                    "summary": {
                        "covered_lines": 0,
                        "num_statements": 17,
                        "percent_covered": 0.0,
                        "percent_covered_display": "0",
                        "missing_lines": 17,
                        "excluded_lines": 0,
                        "percent_statements_covered": 0.0,
                        "percent_statements_covered_display": "0",
                        "num_branches": 6,
                        "num_partial_branches": 0,
                        "covered_branches": 0,
                        "missing_branches": 6,
                        "percent_branches_covered": 0.0,
                        "percent_branches_covered_display": "0"
                    },
                    "missing_lines": [
                        177,
                        178,
                        179,
                        181,
                        182,
                        183,
                        184,
                        185,
                        186,
                        187,
                        188,
                        189,
                        190,
                        191,
                        193,
                        194,
                        196
                    ],
                    "excluded_lines": [],
                    "start_line": 176,
                    "executed_branches": [],
                    "missing_branches": [
                        [
                            182,
                            183
                        ],
                        [
                            182,
                            196
                        ],
                        [
                            183,
                            184
                        ],
                        [
                            183,
                            186
                        ],
                        [
                            189,
                            190
                        ],
                        [
                            189,
                            193
                        ]
                    ]
                },
                "": {
                    "executed_lines": [],
                    "summary": {
                        "covered_lines": 0,
                        "num_statements": 25,
                        "percent_covered": 0.0,
                        "percent_covered_display": "0",
                        "missing_lines": 25,
                        "excluded_lines": 2,
                        "percent_statements_covered": 0.0,
                        "percent_statements_covered_display": "0",
                        "num_branches": 0,
                        "num_partial_branches": 0,
                        "covered_branches": 0,
                        "missing_branches": 0,
                        "percent_branches_covered": 100.0,
                        "percent_branches_covered_display": "100"
                    },
                    "missing_lines": [
                        2,
                        3,
                        4,
                        5,
                        6,
                        7,
                        8,
                        9,
                        11,
                        12,
                        13,
                        14,
                        15,
                        16,
                        21,
                        22,
                        25,
                        45,
                        46,
                        112,
                        113,
                        128,
                        129,
                        157,
                        176
                    ],
                    "excluded_lines": [
                        199,
                        200
                    ],
                    "start_line": 1,
                    "executed_branches": [],
                    "missing_branches": []
                }
            },
            "classes": {
                "": {
                    "executed_lines": [],
                    "summary": {
                        "covered_lines": 0,
                        "num_statements": 132,
                        "percent_covered": 0.0,
                        "percent_covered_display": "0",
                        "missing_lines": 132,
                        "excluded_lines": 2,
                        "percent_statements_covered": 0.0,
                        "percent_statements_covered_display": "0",
                        "num_branches": 52,
                        "num_partial_branches": 0,
                        "covered_branches": 0,
                        "missing_branches": 52,
                        "percent_branches_covered": 0.0,
                        "percent_branches_covered_display": "0"
                    },
                    "missing_lines": [
                        2,
                        3,
                        4,
                        5,
                        6,
                        7,
                        8,
                        9,
                        11,
                        12,
                        13,
                        14,
                        15,
                        16,
                        21,
                        22,
                        25,
                        26,
                        27,
                        28,
                        29,
                        30,
                        31,
                        34,
                        35,
                        36,
                        37,
                        38,
                        39,
                        40,
                        41,
                        42,
                        45,
                        46,
                        57,
                        58,
                        59,
                        62,
                        66,
                        67,
                        68,
                        69,
                        70,
                        71,
                        74,
                        75,
                        76,
                        77,
                        78,
                        79,
                        80,
                        81,
                        82,
                        83,
                        84,
                        85,
                        87,
                        88,
                        89,
                        90,
                        92,
                        93,
                        95,
                        96,
                        98,
                        99,
                        100,
                        103,
                        104,
                        106,
                        108,
                        109,
                        112,
                        113,
                        117,
                        118,
                        119,
                        120,
                        121,
                        122,
                        123,
                        125,
                        128,
                        129,
                        137,
                        139,
                        140,
                        141,
                        142,
                        143,
                        144,
                        145,
                        146,
                        148,
                        149,
                        150,
                        152,
                        153,
                        154,
                        157,
                        158,
                        159,
                        160,
                        161,
                        162,
                        163,
                        164,
                        165,
                        167,
                        168,
                        169,
                        170,
                        172,
                        173,
                        176,
                        177,
                        178,
                        179,
                        181,
                        182,
                        183,
                        184,
                        185,
                        186,
                        187,
                        188,
                        189,
                        190,
                        191,
                        193,
                        194,
                        196
                    ],
                    "excluded_lines": [
                        199,
                        200
                    ],
                    "start_line": 1,
                    "executed_branches": [],
                    "missing_branches": [
                        [
                            28,
                            29
                        ],
                        [
                            28,
                            30
                        ],
                        [
                            30,
                            31
                        ],
                        [
                            30,
                            34
                        ],
                        [
                            34,
                            35
                        ],
                        [
                            34,
                            38
                        ],
                        [
                            36,
                            37
                        ],
                        [
                            36,
                            38
                        ],
                        [
                            38,
                            39
                        ],
                        [
                            38,
                            40
                        ],
                        [
                            40,
                            41
                        ],
                        [
                            40,
                            42
                        ],
                        [
                            66,
                            67
                        ],
                        [
                            66,
                            74
                        ],
                        [
                            69,
                            70
                        ],
                        [
                            69,
                            74
                        ],
                        [
                            75,
                            76
                        ],
                        [
                            75,
                            87
                        ],
                        [
                            77,
                            78
                        ],
                        [
                            77,
                            87
                        ],
                        [
                            92,
                            93
                        ],
                        [
                            92,
                            95
                        ],
                        [
                            95,
                            96
                        ],
                        [
                            95,
                            98
                        ],
                        [
                            98,
                            99
                        ],
                        [
                            98,
                            103
                        ],
                        [
                            103,
                            104
                        ],
                        [
                            103,
                            106
                        ],
                        [
                            108,
                            -45
                        ],
                        [
                            108,
                            109
                        ],
                        [
                            122,
                            123
                        ],
                        [
                            122,
                            125
                        ],
                        [
                            139,
                            140
                        ],
                        [
                            139,
                            141
                        ],
                        [
                            141,
                            142
                        ],
                        [
                            141,
                            143
                        ],
                        [
                            143,
                            144
                        ],
                        [
                            143,
                            145
                        ],
                        [
                            145,
                            146
                        ],
                        [
                            145,
                            148
                        ],
                        [
                            148,
                            149
                        ],
                        [
                            148,
                            152
                        ],
                        [
                            152,
                            -128
                        ],
                        [
                            152,
                            153
                        ],
                        [
                            167,
                            168
                        ],
                        [
                            167,
                            172
                        ],
                        [
                            182,
                            183
                        ],
                        [
                            182,
                            196
                        ],
                        [
                            183,
                            184
                        ],
                        [
                            183,
                            186
                        ],
                        [
                            189,
                            190
                        ],
                        [
                            189,
                            193
                        ]
                    ]
                }
            }
        },
        "mosaic/config.py": {
            "executed_lines": [
                2,
                3,
                4,
                5,
                7,
                9,
                24,
                25,
                26,
                27,
                29,
                30,
                33,
                34,
                35,
                36,
                39,
                40,
                41,
                42,
                43,
                45,
                46
            ],
            "summary": {
                "covered_lines": 23,
                "num_statements": 23,
                "percent_covered": 100.0,
                "percent_covered_display": "100",
                "missing_lines": 0,
                "excluded_lines": 0,
                "percent_statements_covered": 100.0,
                "percent_statements_covered_display": "100",
                "num_branches": 6,
                "num_partial_branches": 0,
                "covered_branches": 6,
                "missing_branches": 0,
                "percent_branches_covered": 100.0,
                "percent_branches_covered_display": "100"
            },
            "missing_lines": [],
            "excluded_lines": [],
            "executed_branches": [
                [
                    25,
                    26
                ],
                [
                    25,
                    30
                ],
                [
                    41,
                    42
                ],
                [
                    41,
                    46
                ],
                [
                    42,
                    43
                ],
                [
                    42,
                    45
                ]
            ],
            "missing_branches": [],
            "functions": {
                "load": {
                    "executed_lines": [
                        25,
                        26,
                        27,
                        29,
                        30
                    ],
                    "summary": {
                        "covered_lines": 5,
                        "num_statements": 5,
                        "percent_covered": 100.0,
                        "percent_covered_display": "100",
                        "missing_lines": 0,
                        "excluded_lines": 0,
                        "percent_statements_covered": 100.0,
                        "percent_statements_covered_display": "100",
                        "num_branches": 2,
                        "num_partial_branches": 0,
                        "covered_branches": 2,
                        "missing_branches": 0,
                        "percent_branches_covered": 100.0,
                        "percent_branches_covered_display": "100"
                    },
                    "missing_lines": [],
                    "excluded_lines": [],
                    "start_line": 24,
                    "executed_branches": [
                        [
                            25,
                            26
                        ],
                        [
                            25,
                            30
                        ]
                    ],
                    "missing_branches": []
                },
                "save": {
                    "executed_lines": [
                        34,
                        35,
                        36
                    ],
                    "summary": {
                        "covered_lines": 3,
                        "num_statements": 3,
                        "percent_covered": 100.0,
                        "percent_covered_display": "100",
                        "missing_lines": 0,
                        "excluded_lines": 0,
                        "percent_statements_covered": 100.0,
                        "percent_statements_covered_display": "100",
                        "num_branches": 0,
                        "num_partial_branches": 0,
                        "covered_branches": 0,
                        "missing_branches": 0,
                        "percent_branches_covered": 100.0,
                        "percent_branches_covered_display": "100"
                    },
                    "missing_lines": [],
                    "excluded_lines": [],
                    "start_line": 33,
                    "executed_branches": [],
                    "missing_branches": []
                },
                "_merge": {
                    "executed_lines": [
                        40,
                        41,
                        42,
                        43,
                        45,
                        46
                    ],
                    "summary": {
                        "covered_lines": 6,
                        "num_statements": 6,
                        "percent_covered": 100.0,
                        "percent_covered_display": "100",
                        "missing_lines": 0,
                        "excluded_lines": 0,
                        "percent_statements_covered": 100.0,
                        "percent_statements_covered_display": "100",
                        "num_branches": 4,
                        "num_partial_branches": 0,
                        "covered_branches": 4,
                        "missing_branches": 0,
                        "percent_branches_covered": 100.0,
                        "percent_branches_covered_display": "100"
                    },
                    "missing_lines": [],
                    "excluded_lines": [],
                    "start_line": 39,
                    "executed_branches": [
                        [
                            41,
                            42
                        ],
                        [
                            41,
                            46
                        ],
                        [
                            42,
                            43
                        ],
                        [
                            42,
                            45
                        ]
                    ],
                    "missing_branches": []
                },
                "": {
                    "executed_lines": [
                        2,
                        3,
                        4,
                        5,
                        7,
                        9,
                        24,
                        33,
                        39
                    ],
                    "summary": {
                        "covered_lines": 9,
                        "num_statements": 9,
                        "percent_covered": 100.0,
                        "percent_covered_display": "100",
                        "missing_lines": 0,
                        "excluded_lines": 0,
                        "percent_statements_covered": 100.0,
                        "percent_statements_covered_display": "100",
                        "num_branches": 0,
                        "num_partial_branches": 0,
                        "covered_branches": 0,
                        "missing_branches": 0,
                        "percent_branches_covered": 100.0,
                        "percent_branches_covered_display": "100"
                    },
                    "missing_lines": [],
                    "excluded_lines": [],
                    "start_line": 1,
                    "executed_branches": [],
                    "missing_branches": []
                }
            },
            "classes": {
                "": {
                    "executed_lines": [
                        2,
                        3,
                        4,
                        5,
                        7,
                        9,
                        24,
                        25,
                        26,
                        27,
                        29,
                        30,
                        33,
                        34,
                        35,
                        36,
                        39,
                        40,
                        41,
                        42,
                        43,
                        45,
                        46
                    ],
                    "summary": {
                        "covered_lines": 23,
                        "num_statements": 23,
                        "percent_covered": 100.0,
                        "percent_covered_display": "100",
                        "missing_lines": 0,
                        "excluded_lines": 0,
                        "percent_statements_covered": 100.0,
                        "percent_statements_covered_display": "100",
                        "num_branches": 6,
                        "num_partial_branches": 0,
                        "covered_branches": 6,
                        "missing_branches": 0,
                        "percent_branches_covered": 100.0,
                        "percent_branches_covered_display": "100"
                    },
                    "missing_lines": [],
                    "excluded_lines": [],
                    "start_line": 1,
                    "executed_branches": [
                        [
                            25,
                            26
                        ],
                        [
                            25,
                            30
                        ],
                        [
                            41,
                            42
                        ],
                        [
                            41,
                            46
                        ],
                        [
                            42,
                            43
                        ],
                        [
                            42,
                            45
                        ]
                    ],
                    "missing_branches": []
                }
            }
        },
        "mosaic/db.py": {
            "executed_lines": [
                2,
                3,
                4,
                5,
                6,
                9,
                10,
                11,
                12,
                13,
                14,
                15,
                18,
                19,
                45,
                48,
                49,
                64,
                67,
                68,
                73,
                76,
                77,
                80,
                81,
                100,
                101,
                102,
                104,
                105,
                107,
                108,
                110,
                111,
                113,
                114,
                118
            ],
            "summary": {
                "covered_lines": 37,
                "num_statements": 37,
                "percent_covered": 100.0,
                "percent_covered_display": "100",
                "missing_lines": 0,
                "excluded_lines": 0,
                "percent_statements_covered": 100.0,
                "percent_statements_covered_display": "100",
                "num_branches": 0,
                "num_partial_branches": 0,
                "covered_branches": 0,
                "missing_branches": 0,
                "percent_branches_covered": 100.0,
                "percent_branches_covered_display": "100"
            },
            "missing_lines": [],
            "excluded_lines": [],
            "executed_branches": [],
            "missing_branches": [],
            "functions": {
                "_connect": {
                    "executed_lines": [
                        10,
                        11,
                        12,
                        13,
                        14,
                        15
                    ],
                    "summary": {
                        "covered_lines": 6,
                        "num_statements": 6,
                        "percent_covered": 100.0,
                        "percent_covered_display": "100",
                        "missing_lines": 0,
                        "excluded_lines": 0,
                        "percent_statements_covered": 100.0,
                        "percent_statements_covered_display": "100",
                        "num_branches": 0,
                        "num_partial_branches": 0,
                        "covered_branches": 0,
                        "missing_branches": 0,
                        "percent_branches_covered": 100.0,
                        "percent_branches_covered_display": "100"
                    },
                    "missing_lines": [],
                    "excluded_lines": [],
                    "start_line": 9,
                    "executed_branches": [],
                    "missing_branches": []
                },
                "_init": {
                    "executed_lines": [
                        19,
                        45
                    ],
                    "summary": {
                        "covered_lines": 2,
                        "num_statements": 2,
                        "percent_covered": 100.0,
                        "percent_covered_display": "100",
                        "missing_lines": 0,
                        "excluded_lines": 0,
                        "percent_statements_covered": 100.0,
                        "percent_statements_covered_display": "100",
                        "num_branches": 0,
                        "num_partial_branches": 0,
                        "covered_branches": 0,
                        "missing_branches": 0,
                        "percent_branches_covered": 100.0,
                        "percent_branches_covered_display": "100"
                    },
                    "missing_lines": [],
                    "excluded_lines": [],
                    "start_line": 18,
                    "executed_branches": [],
                    "missing_branches": []
                },
                "upsert": {
                    "executed_lines": [
                        49,
                        64
                    ],
                    "summary": {
                        "covered_lines": 2,
                        "num_statements": 2,
                        "percent_covered": 100.0,
                        "percent_covered_display": "100",
                        "missing_lines": 0,
                        "excluded_lines": 0,
                        "percent_statements_covered": 100.0,
                        "percent_statements_covered_display": "100",
                        "num_branches": 0,
                        "num_partial_branches": 0,
                        "covered_branches": 0,
                        "missing_branches": 0,
                        "percent_branches_covered": 100.0,
                        "percent_branches_covered_display": "100"
                    },
                    "missing_lines": [],
                    "excluded_lines": [],
                    "start_line": 48,
                    "executed_branches": [],
                    "missing_branches": []
                },
                "set_download": {
                    "executed_lines": [
                        68,
                        73
                    ],
                    "summary": {
                        "covered_lines": 2,
                        "num_statements": 2,
                        "percent_covered": 100.0,
                        "percent_covered_display": "100",
                        "missing_lines": 0,
                        "excluded_lines": 0,
                        "percent_statements_covered": 100.0,
                        "percent_statements_covered_display": "100",
                        "num_branches": 0,
                        "num_partial_branches": 0,
                        "covered_branches": 0,
                        "missing_branches": 0,
                        "percent_branches_covered": 100.0,
                        "percent_branches_covered_display": "100"
                    },
                    "missing_lines": [],
                    "excluded_lines": [],
                    "start_line": 67,
                    "executed_branches": [],
                    "missing_branches": []
                },
                "get_download": {
                    "executed_lines": [
                        77
                    ],
                    "summary": {
                        "covered_lines": 1,
                        "num_statements": 1,
                        "percent_covered": 100.0,
                        "percent_covered_display": "100",
                        "missing_lines": 0,
                        "excluded_lines": 0,
                        "percent_statements_covered": 100.0,
                        "percent_statements_covered_display": "100",
                        "num_branches": 0,
                        "num_partial_branches": 0,
                        "covered_branches": 0,
                        "missing_branches": 0,
                        "percent_branches_covered": 100.0,
                        "percent_branches_covered_display": "100"
                    },
                    "missing_lines": [],
                    "excluded_lines": [],
                    "start_line": 76,
                    "executed_branches": [],
                    "missing_branches": []
                },
                "row_to_paper": {
                    "executed_lines": [
                        81
                    ],
                    "summary": {
                        "covered_lines": 1,
                        "num_statements": 1,
                        "percent_covered": 100.0,
                        "percent_covered_display": "100",
                        "missing_lines": 0,
                        "excluded_lines": 0,
                        "percent_statements_covered": 100.0,
                        "percent_statements_covered_display": "100",
                        "num_branches": 0,
                        "num_partial_branches": 0,
                        "covered_branches": 0,
                        "missing_branches": 0,
                        "percent_branches_covered": 100.0,
                        "percent_branches_covered_display": "100"
                    },
                    "missing_lines": [],
                    "excluded_lines": [],
                    "start_line": 80,
                    "executed_branches": [],
                    "missing_branches": []
                },
                "Cache.__init__": {
                    "executed_lines": [
                        102
                    ],
                    "summary": {
                        "covered_lines": 1,
                        "num_statements": 1,
                        "percent_covered": 100.0,
                        "percent_covered_display": "100",
                        "missing_lines": 0,
                        "excluded_lines": 0,
                        "percent_statements_covered": 100.0,
                        "percent_statements_covered_display": "100",
                        "num_branches": 0,
                        "num_partial_branches": 0,
                        "covered_branches": 0,
                        "missing_branches": 0,
                        "percent_branches_covered": 100.0,
                        "percent_branches_covered_display": "100"
                    },
                    "missing_lines": [],
                    "excluded_lines": [],
                    "start_line": 101,
                    "executed_branches": [],
                    "missing_branches": []
                },
                "Cache.save": {
                    "executed_lines": [
                        105
                    ],
                    "summary": {
                        "covered_lines": 1,
                        "num_statements": 1,
                        "percent_covered": 100.0,
                        "percent_covered_display": "100",
                        "missing_lines": 0,
                        "excluded_lines": 0,
                        "percent_statements_covered": 100.0,
                        "percent_statements_covered_display": "100",
                        "num_branches": 0,
                        "num_partial_branches": 0,
                        "covered_branches": 0,
                        "missing_branches": 0,
                        "percent_branches_covered": 100.0,
                        "percent_branches_covered_display": "100"
                    },
                    "missing_lines": [],
                    "excluded_lines": [],
                    "start_line": 104,
                    "executed_branches": [],
                    "missing_branches": []
                },
                "Cache.set_download": {
                    "executed_lines": [
                        108
                    ],
                    "summary": {
                        "covered_lines": 1,
                        "num_statements": 1,
                        "percent_covered": 100.0,
                        "percent_covered_display": "100",
                        "missing_lines": 0,
                        "excluded_lines": 0,
                        "percent_statements_covered": 100.0,
                        "percent_statements_covered_display": "100",
                        "num_branches": 0,
                        "num_partial_branches": 0,
                        "covered_branches": 0,
                        "missing_branches": 0,
                        "percent_branches_covered": 100.0,
                        "percent_branches_covered_display": "100"
                    },
                    "missing_lines": [],
                    "excluded_lines": [],
                    "start_line": 107,
                    "executed_branches": [],
                    "missing_branches": []
                },
                "Cache.get_download": {
                    "executed_lines": [
                        111
                    ],
                    "summary": {
                        "covered_lines": 1,
                        "num_statements": 1,
                        "percent_covered": 100.0,
                        "percent_covered_display": "100",
                        "missing_lines": 0,
                        "excluded_lines": 0,
                        "percent_statements_covered": 100.0,
                        "percent_statements_covered_display": "100",
                        "num_branches": 0,
                        "num_partial_branches": 0,
                        "covered_branches": 0,
                        "missing_branches": 0,
                        "percent_branches_covered": 100.0,
                        "percent_branches_covered_display": "100"
                    },
                    "missing_lines": [],
                    "excluded_lines": [],
                    "start_line": 110,
                    "executed_branches": [],
                    "missing_branches": []
                },
                "Cache.search_local": {
                    "executed_lines": [
                        114,
                        118
                    ],
                    "summary": {
                        "covered_lines": 2,
                        "num_statements": 2,
                        "percent_covered": 100.0,
                        "percent_covered_display": "100",
                        "missing_lines": 0,
                        "excluded_lines": 0,
                        "percent_statements_covered": 100.0,
                        "percent_statements_covered_display": "100",
                        "num_branches": 0,
                        "num_partial_branches": 0,
                        "covered_branches": 0,
                        "missing_branches": 0,
                        "percent_branches_covered": 100.0,
                        "percent_branches_covered_display": "100"
                    },
                    "missing_lines": [],
                    "excluded_lines": [],
                    "start_line": 113,
                    "executed_branches": [],
                    "missing_branches": []
                },
                "": {
                    "executed_lines": [
                        2,
                        3,
                        4,
                        5,
                        6,
                        9,
                        18,
                        48,
                        67,
                        76,
                        80,
                        100,
                        101,
                        104,
                        107,
                        110,
                        113
                    ],
                    "summary": {
                        "covered_lines": 17,
                        "num_statements": 17,
                        "percent_covered": 100.0,
                        "percent_covered_display": "100",
                        "missing_lines": 0,
                        "excluded_lines": 0,
                        "percent_statements_covered": 100.0,
                        "percent_statements_covered_display": "100",
                        "num_branches": 0,
                        "num_partial_branches": 0,
                        "covered_branches": 0,
                        "missing_branches": 0,
                        "percent_branches_covered": 100.0,
                        "percent_branches_covered_display": "100"
                    },
                    "missing_lines": [],
                    "excluded_lines": [],
                    "start_line": 1,
                    "executed_branches": [],
                    "missing_branches": []
                }
            },
            "classes": {
                "Cache": {
                    "executed_lines": [
                        102,
                        105,
                        108,
                        111,
                        114,
                        118
                    ],
                    "summary": {
                        "covered_lines": 6,
                        "num_statements": 6,
                        "percent_covered": 100.0,
                        "percent_covered_display": "100",
                        "missing_lines": 0,
                        "excluded_lines": 0,
                        "percent_statements_covered": 100.0,
                        "percent_statements_covered_display": "100",
                        "num_branches": 0,
                        "num_partial_branches": 0,
                        "covered_branches": 0,
                        "missing_branches": 0,
                        "percent_branches_covered": 100.0,
                        "percent_branches_covered_display": "100"
                    },
                    "missing_lines": [],
                    "excluded_lines": [],
                    "start_line": 100,
                    "executed_branches": [],
                    "missing_branches": []
                },
                "": {
                    "executed_lines": [
                        2,
                        3,
                        4,
                        5,
                        6,
                        9,
                        10,
                        11,
                        12,
                        13,
                        14,
                        15,
                        18,
                        19,
                        45,
                        48,
                        49,
                        64,
                        67,
                        68,
                        73,
                        76,
                        77,
                        80,
                        81,
                        100,
                        101,
                        104,
                        107,
                        110,
                        113
                    ],
                    "summary": {
                        "covered_lines": 31,
                        "num_statements": 31,
                        "percent_covered": 100.0,
                        "percent_covered_display": "100",
                        "missing_lines": 0,
                        "excluded_lines": 0,
                        "percent_statements_covered": 100.0,
                        "percent_statements_covered_display": "100",
                        "num_branches": 0,
                        "num_partial_branches": 0,
                        "covered_branches": 0,
                        "missing_branches": 0,
                        "percent_branches_covered": 100.0,
                        "percent_branches_covered_display": "100"
                    },
                    "missing_lines": [],
                    "excluded_lines": [],
                    "start_line": 1,
                    "executed_branches": [],
                    "missing_branches": []
                }
            }
        },
        "mosaic/downloader.py": {
            "executed_lines": [
                2,
                3,
                4,
                5,
                6,
                7,
                10,
                15,
                16,
                17,
                19,
                21,
                22,
                24,
                25,
                27,
                28,
                29,
                31,
                32,
                33,
                34,
                35,
                36,
                37,
                40
            ],
            "summary": {
                "covered_lines": 26,
                "num_statements": 31,
                "percent_covered": 82.05128205128206,
                "percent_covered_display": "82",
                "missing_lines": 5,
                "excluded_lines": 0,
                "percent_statements_covered": 83.87096774193549,
                "percent_statements_covered_display": "84",
                "num_branches": 8,
                "num_partial_branches": 0,
                "covered_branches": 6,
                "missing_branches": 2,
                "percent_branches_covered": 75.0,
                "percent_branches_covered_display": "75"
            },
            "missing_lines": [
                41,
                42,
                43,
                44,
                45
            ],
            "excluded_lines": [],
            "executed_branches": [
                [
                    16,
                    17
                ],
                [
                    16,
                    19
                ],
                [
                    21,
                    22
                ],
                [
                    21,
                    24
                ],
                [
                    24,
                    25
                ],
                [
                    24,
                    27
                ]
            ],
            "missing_branches": [
                [
                    44,
                    -40
                ],
                [
                    44,
                    45
                ]
            ],
            "functions": {
                "download": {
                    "executed_lines": [
                        15,
                        16,
                        17,
                        19,
                        21,
                        22,
                        24,
                        25,
                        27,
                        28,
                        29,
                        31,
                        32,
                        33,
                        34,
                        35,
                        36,
                        37
                    ],
                    "summary": {
                        "covered_lines": 18,
                        "num_statements": 18,
                        "percent_covered": 100.0,
                        "percent_covered_display": "100",
                        "missing_lines": 0,
                        "excluded_lines": 0,
                        "percent_statements_covered": 100.0,
                        "percent_statements_covered_display": "100",
                        "num_branches": 6,
                        "num_partial_branches": 0,
                        "covered_branches": 6,
                        "missing_branches": 0,
                        "percent_branches_covered": 100.0,
                        "percent_branches_covered_display": "100"
                    },
                    "missing_lines": [],
                    "excluded_lines": [],
                    "start_line": 10,
                    "executed_branches": [
                        [
                            16,
                            17
                        ],
                        [
                            16,
                            19
                        ],
                        [
                            21,
                            22
                        ],
                        [
                            21,
                            24
                        ],
                        [
                            24,
                            25
                        ],
                        [
                            24,
                            27
                        ]
                    ],
                    "missing_branches": []
                },
                "_fetch": {
                    "executed_lines": [],
                    "summary": {
                        "covered_lines": 0,
                        "num_statements": 5,
                        "percent_covered": 0.0,
                        "percent_covered_display": "0",
                        "missing_lines": 5,
                        "excluded_lines": 0,
                        "percent_statements_covered": 0.0,
                        "percent_statements_covered_display": "0",
                        "num_branches": 2,
                        "num_partial_branches": 0,
                        "covered_branches": 0,
                        "missing_branches": 2,
                        "percent_branches_covered": 0.0,
                        "percent_branches_covered_display": "0"
                    },
                    "missing_lines": [
                        41,
                        42,
                        43,
                        44,
                        45
                    ],
                    "excluded_lines": [],
                    "start_line": 40,
                    "executed_branches": [],
                    "missing_branches": [
                        [
                            44,
                            -40
                        ],
                        [
                            44,
                            45
                        ]
                    ]
                },
                "": {
                    "executed_lines": [
                        2,
                        3,
                        4,
                        5,
                        6,
                        7,
                        10,
                        40
                    ],
                    "summary": {
                        "covered_lines": 8,
                        "num_statements": 8,
                        "percent_covered": 100.0,
                        "percent_covered_display": "100",
                        "missing_lines": 0,
                        "excluded_lines": 0,
                        "percent_statements_covered": 100.0,
                        "percent_statements_covered_display": "100",
                        "num_branches": 0,
                        "num_partial_branches": 0,
                        "covered_branches": 0,
                        "missing_branches": 0,
                        "percent_branches_covered": 100.0,
                        "percent_branches_covered_display": "100"
                    },
                    "missing_lines": [],
                    "excluded_lines": [],
                    "start_line": 1,
                    "executed_branches": [],
                    "missing_branches": []
                }
            },
            "classes": {
                "": {
                    "executed_lines": [
                        2,
                        3,
                        4,
                        5,
                        6,
                        7,
                        10,
                        15,
                        16,
                        17,
                        19,
                        21,
                        22,
                        24,
                        25,
                        27,
                        28,
                        29,
                        31,
                        32,
                        33,
                        34,
                        35,
                        36,
                        37,
                        40
                    ],
                    "summary": {
                        "covered_lines": 26,
                        "num_statements": 31,
                        "percent_covered": 82.05128205128206,
                        "percent_covered_display": "82",
                        "missing_lines": 5,
                        "excluded_lines": 0,
                        "percent_statements_covered": 83.87096774193549,
                        "percent_statements_covered_display": "84",
                        "num_branches": 8,
                        "num_partial_branches": 0,
                        "covered_branches": 6,
                        "missing_branches": 2,
                        "percent_branches_covered": 75.0,
                        "percent_branches_covered_display": "75"
                    },
                    "missing_lines": [
                        41,
                        42,
                        43,
                        44,
                        45
                    ],
                    "excluded_lines": [],
                    "start_line": 1,
                    "executed_branches": [
                        [
                            16,
                            17
                        ],
                        [
                            16,
                            19
                        ],
                        [
                            21,
                            22
                        ],
                        [
                            21,
                            24
                        ],
                        [
                            24,
                            25
                        ],
                        [
                            24,
                            27
                        ]
                    ],
                    "missing_branches": [
                        [
                            44,
                            -40
                        ],
[...]
                18,
                19,
                21,
                23,
                24,
                25,
                26,
                27,
                33,
                34,
                35,
                37,
                38,
                39,
                40,
                41,
                43,
                45
            ],
            "summary": {
                "covered_lines": 29,
                "num_statements": 30,
                "percent_covered": 91.66666666666667,
                "percent_covered_display": "92",
                "missing_lines": 1,
                "excluded_lines": 0,
                "percent_statements_covered": 96.66666666666667,
                "percent_statements_covered_display": "97",
                "num_branches": 6,
                "num_partial_branches": 2,
                "covered_branches": 4,
                "missing_branches": 2,
                "percent_branches_covered": 66.66666666666667,
                "percent_branches_covered_display": "67"
            },
            "missing_lines": [
                22
            ],
            "excluded_lines": [],
            "executed_branches": [
                [
                    19,
                    21
                ],
                [
                    19,
                    27
                ],
                [
                    21,
                    23
                ],
                [
                    23,
                    24
                ]
            ],
            "missing_branches": [
                [
                    21,
                    22
                ],
                [
                    23,
                    27
                ]
            ],
            "functions": {
                "SemanticScholarSource.__init__": {
                    "executed_lines": [
                        15
                    ],
                    "summary": {
                        "covered_lines": 1,
                        "num_statements": 1,
                        "percent_covered": 100.0,
                        "percent_covered_display": "100",
                        "missing_lines": 0,
                        "excluded_lines": 0,
                        "percent_statements_covered": 100.0,
                        "percent_statements_covered_display": "100",
                        "num_branches": 0,
                        "num_partial_branches": 0,
                        "covered_branches": 0,
                        "missing_branches": 0,
                        "percent_branches_covered": 100.0,
                        "percent_branches_covered_display": "100"
                    },
                    "missing_lines": [],
                    "excluded_lines": [],
                    "start_line": 14,
                    "executed_branches": [],
                    "missing_branches": []
                },
                "SemanticScholarSource.search": {
                    "executed_lines": [
                        18,
                        19,
                        21,
                        23,
                        24,
                        25,
                        26,
                        27,
                        33,
                        34,
                        35
                    ],
                    "summary": {
                        "covered_lines": 11,
                        "num_statements": 12,
                        "percent_covered": 83.33333333333333,
                        "percent_covered_display": "83",
                        "missing_lines": 1,
                        "excluded_lines": 0,
                        "percent_statements_covered": 91.66666666666667,
                        "percent_statements_covered_display": "92",
                        "num_branches": 6,
                        "num_partial_branches": 2,
                        "covered_branches": 4,
                        "missing_branches": 2,
                        "percent_branches_covered": 66.66666666666667,
                        "percent_branches_covered_display": "67"
                    },
                    "missing_lines": [
                        22
                    ],
                    "excluded_lines": [],
                    "start_line": 17,
                    "executed_branches": [
                        [
                            19,
                            21
                        ],
                        [
                            19,
                            27
                        ],
                        [
                            21,
                            23
                        ],
                        [
                            23,
                            24
                        ]
                    ],
                    "missing_branches": [
                        [
                            21,
                            22
                        ],
                        [
                            23,
                            27
                        ]
                    ]
                },
                "SemanticScholarSource._parse": {
                    "executed_lines": [
                        38,
                        39,
                        40,
                        41,
                        43,
                        45
                    ],
                    "summary": {
                        "covered_lines": 6,
                        "num_statements": 6,
                        "percent_covered": 100.0,
                        "percent_covered_display": "100",
                        "missing_lines": 0,
                        "excluded_lines": 0,
                        "percent_statements_covered": 100.0,
                        "percent_statements_covered_display": "100",
                        "num_branches": 0,
                        "num_partial_branches": 0,
                        "covered_branches": 0,
                        "missing_branches": 0,
                        "percent_branches_covered": 100.0,
                        "percent_branches_covered_display": "100"
                    },
                    "missing_lines": [],
                    "excluded_lines": [],
                    "start_line": 37,
                    "executed_branches": [],
                    "missing_branches": []
                },
                "": {
                    "executed_lines": [
                        2,
                        3,
                        4,
                        5,
                        7,
                        8,
                        11,
                        12,
                        14,
                        17,
                        37
                    ],
                    "summary": {
                        "covered_lines": 11,
                        "num_statements": 11,
                        "percent_covered": 100.0,
                        "percent_covered_display": "100",
                        "missing_lines": 0,
                        "excluded_lines": 0,
                        "percent_statements_covered": 100.0,
                        "percent_statements_covered_display": "100",
                        "num_branches": 0,
                        "num_partial_branches": 0,
                        "covered_branches": 0,
                        "missing_branches": 0,
                        "percent_branches_covered": 100.0,
                        "percent_branches_covered_display": "100"
                    },
                    "missing_lines": [],
                    "excluded_lines": [],
                    "start_line": 1,
                    "executed_branches": [],
                    "missing_branches": []
                }
            },
            "classes": {
                "SemanticScholarSource": {
                    "executed_lines": [
                        15,
                        18,
                        19,
                        21,
                        23,
                        24,
                        25,
                        26,
                        27,
                        33,
                        34,
                        35,
                        38,
                        39,
                        40,
                        41,
                        43,
                        45
                    ],
                    "summary": {
                        "covered_lines": 18,
                        "num_statements": 19,
                        "percent_covered": 88.0,
                        "percent_covered_display": "88",
                        "missing_lines": 1,
                        "excluded_lines": 0,
                        "percent_statements_covered": 94.73684210526316,
                        "percent_statements_covered_display": "95",
                        "num_branches": 6,
                        "num_partial_branches": 2,
                        "covered_branches": 4,
                        "missing_branches": 2,
                        "percent_branches_covered": 66.66666666666667,
                        "percent_branches_covered_display": "67"
                    },
                    "missing_lines": [
                        22
                    ],
                    "excluded_lines": [],
                    "start_line": 11,
                    "executed_branches": [
                        [
                            19,
                            21
                        ],
                        [
                            19,
                            27
                        ],
                        [
                            21,
                            23
                        ],
                        [
                            23,
                            24
                        ]
                    ],
                    "missing_branches": [
                        [
                            21,
                            22
                        ],
                        [
                            23,
                            27
                        ]
                    ]
                },
                "": {
                    "executed_lines": [
                        2,
                        3,
                        4,
                        5,
                        7,
                        8,
                        11,
                        12,
                        14,
                        17,
                        37
                    ],
                    "summary": {
                        "covered_lines": 11,
                        "num_statements": 11,
                        "percent_covered": 100.0,
                        "percent_covered_display": "100",
                        "missing_lines": 0,
                        "excluded_lines": 0,
                        "percent_statements_covered": 100.0,
                        "percent_statements_covered_display": "100",
                        "num_branches": 0,
                        "num_partial_branches": 0,
                        "covered_branches": 0,
                        "missing_branches": 0,
                        "percent_branches_covered": 100.0,
                        "percent_branches_covered_display": "100"
                    },
                    "missing_lines": [],
                    "excluded_lines": [],
                    "start_line": 1,
                    "executed_branches": [],
                    "missing_branches": []
                }
            }
        },
        "mosaic/sources/unpaywall.py": {
            "executed_lines": [
                2,
                3,
                5,
                8,
                10,
                11,
                12,
                13,
                14,
                15,
                16,
                17,
                18,
                19,
                20
            ],
            "summary": {
                "covered_lines": 15,
                "num_statements": 17,
                "percent_covered": 91.30434782608695,
                "percent_covered_display": "91",
                "missing_lines": 2,
                "excluded_lines": 0,
                "percent_statements_covered": 88.23529411764706,
                "percent_statements_covered_display": "88",
                "num_branches": 6,
                "num_partial_branches": 0,
                "covered_branches": 6,
                "missing_branches": 0,
                "percent_branches_covered": 100.0,
                "percent_branches_covered_display": "100"
            },
            "missing_lines": [
                21,
                22
            ],
            "excluded_lines": [],
            "executed_branches": [
                [
                    10,
                    11
                ],
                [
                    10,
                    12
                ],
                [
                    14,
                    15
                ],
                [
                    14,
                    16
                ],
                [
                    17,
                    18
                ],
                [
                    17,
                    19
                ]
            ],
            "missing_branches": [],
            "functions": {
                "resolve": {
                    "executed_lines": [
                        10,
                        11,
                        12,
                        13,
                        14,
                        15,
                        16,
                        17,
                        18,
                        19,
                        20
                    ],
                    "summary": {
                        "covered_lines": 11,
                        "num_statements": 13,
                        "percent_covered": 89.47368421052632,
                        "percent_covered_display": "89",
                        "missing_lines": 2,
                        "excluded_lines": 0,
                        "percent_statements_covered": 84.61538461538461,
                        "percent_statements_covered_display": "85",
                        "num_branches": 6,
                        "num_partial_branches": 0,
                        "covered_branches": 6,
                        "missing_branches": 0,
                        "percent_branches_covered": 100.0,
                        "percent_branches_covered_display": "100"
                    },
                    "missing_lines": [
                        21,
                        22
                    ],
                    "excluded_lines": [],
                    "start_line": 8,
                    "executed_branches": [
                        [
                            10,
                            11
                        ],
                        [
                            10,
                            12
                        ],
                        [
                            14,
                            15
                        ],
                        [
                            14,
                            16
                        ],
                        [
                            17,
                            18
                        ],
                        [
                            17,
                            19
                        ]
                    ],
                    "missing_branches": []
                },
                "": {
                    "executed_lines": [
                        2,
                        3,
                        5,
                        8
                    ],
                    "summary": {
                        "covered_lines": 4,
                        "num_statements": 4,
                        "percent_covered": 100.0,
                        "percent_covered_display": "100",
                        "missing_lines": 0,
                        "excluded_lines": 0,
                        "percent_statements_covered": 100.0,
                        "percent_statements_covered_display": "100",
                        "num_branches": 0,
                        "num_partial_branches": 0,
                        "covered_branches": 0,
                        "missing_branches": 0,
                        "percent_branches_covered": 100.0,
                        "percent_branches_covered_display": "100"
                    },
                    "missing_lines": [],
                    "excluded_lines": [],
                    "start_line": 1,
                    "executed_branches": [],
                    "missing_branches": []
                }
            },
            "classes": {
                "": {
                    "executed_lines": [
                        2,
                        3,
                        5,
                        8,
                        10,
                        11,
                        12,
                        13,
                        14,
                        15,
                        16,
                        17,
                        18,
                        19,
                        20
                    ],
                    "summary": {
                        "covered_lines": 15,
                        "num_statements": 17,
                        "percent_covered": 91.30434782608695,
                        "percent_covered_display": "91",
                        "missing_lines": 2,
                        "excluded_lines": 0,
                        "percent_statements_covered": 88.23529411764706,
                        "percent_statements_covered_display": "88",
                        "num_branches": 6,
                        "num_partial_branches": 0,
                        "covered_branches": 6,
                        "missing_branches": 0,
                        "percent_branches_covered": 100.0,
                        "percent_branches_covered_display": "100"
                    },
                    "missing_lines": [
                        21,
                        22
                    ],
                    "excluded_lines": [],
                    "start_line": 1,
                    "executed_branches": [
                        [
                            10,
                            11
                        ],
                        [
                            10,
                            12
                        ],
                        [
                            14,
                            15
                        ],
                        [
                            14,
                            16
                        ],
                        [
                            17,
                            18
                        ],
                        [
                            17,
                            19
                        ]
                    ],
                    "missing_branches": []
                }
            }
        }
    },
    "totals": {
        "covered_lines": 426,
        "num_statements": 582,
        "percent_covered": 70.38461538461539,
        "percent_covered_display": "70",
        "missing_lines": 156,
        "excluded_lines": 2,
        "percent_statements_covered": 73.19587628865979,
        "percent_statements_covered_display": "73",
        "num_branches": 198,
        "num_partial_branches": 17,
        "covered_branches": 123,
        "missing_branches": 75,
        "percent_branches_covered": 62.121212121212125,
        "percent_branches_covered_display": "62"
    }
}