{
    "meta": {
        "format": 3,
        "version": "7.13.4",
        "timestamp": "2026-03-09T19:20:10.474305",
        "branch_coverage": true,
        "show_contexts": false
    },
    "files": {
        "mosaic/__init__.py": {
            "executed_lines": [
                2
            ],
            "summary": {
                "covered_lines": 1,
                "num_statements": 1,
                "percent_covered": 100.0,
                "percent_covered_display": "100",
                "missing_lines": 0,
                "excluded_lines": 0,
                "percent_statements_covered": 100.0,
                "percent_statements_covered_display": "100",
                "num_branches": 0,
                "num_partial_branches": 0,
                "covered_branches": 0,
                "missing_branches": 0,
                "percent_branches_covered": 100.0,
                "percent_branches_covered_display": "100"
            },
            "missing_lines": [],
            "excluded_lines": [],
            "executed_branches": [],
            "missing_branches": [],
            "functions": {
                "": {
                    "executed_lines": [
                        2
                    ],
                    "summary": {
                        "covered_lines": 1,
                        "num_statements": 1,
                        "percent_covered": 100.0,
                        "percent_covered_display": "100",
                        "missing_lines": 0,
                        "excluded_lines": 0,
                        "percent_statements_covered": 100.0,
                        "percent_statements_covered_display": "100",
                        "num_branches": 0,
                        "num_partial_branches": 0,
                        "covered_branches": 0,
                        "missing_branches": 0,
                        "percent_branches_covered": 100.0,
                        "percent_branches_covered_display": "100"
                    },
                    "missing_lines": [],
                    "excluded_lines": [],
                    "start_line": 1,
                    "executed_branches": [],
                    "missing_branches": []
                }
            },
            "classes": {
                "": {
                    "executed_lines": [
                        2
                    ],
                    "summary": {
                        "covered_lines": 1,
                        "num_statements": 1,
                        "percent_covered": 100.0,
                        "percent_covered_display": "100",
                        "missing_lines": 0,
                        "excluded_lines": 0,
                        "percent_statements_covered": 100.0,
                        "percent_statements_covered_display": "100",
                        "num_branches": 0,
                        "num_partial_branches": 0,
                        "covered_branches": 0,
                        "missing_branches": 0,
                        "percent_branches_covered": 100.0,
                        "percent_branches_covered_display": "100"
                    },
                    "missing_lines": [],
                    "excluded_lines": [],
                    "start_line": 1,
                    "executed_branches": [],
                    "missing_branches": []
                }
            }
        },
        "mosaic/auth.py": {
            "executed_lines": [
                2,
                3,
                4,
                5,
                6,
                7,
                8,
                10,
                13,
                20,
                32,
                33,
                36,
                37,
                40,
                46,
                47,
                48,
                49,
                50,
                54,
                61,
                62,
                64,
                65,
                66,
                67,
                68,
                71,
                78,
                80,
                82,
                83,
                84,
                85,
                86,
                87,
                88,
                95,
                98,
                110,
                133,
                134,
                137,
                157,
                188,
                222,
                249,
                259
            ],
            "summary": {
                "covered_lines": 49,
                "num_statements": 165,
                "percent_covered": 26.511627906976745,
                "percent_covered_display": "27",
                "missing_lines": 116,
                "excluded_lines": 0,
                "percent_statements_covered": 29.696969696969695,
                "percent_statements_covered_display": "30",
                "num_branches": 50,
                "num_partial_branches": 4,
                "covered_branches": 8,
                "missing_branches": 42,
                "percent_branches_covered": 16.0,
                "percent_branches_covered_display": "16"
            },
            "missing_lines": [
                41,
                42,
                43,
                51,
                63,
                70,
                72,
                73,
                81,
                100,
                101,
                102,
                103,
                104,
                105,
                106,
                107,
                112,
                113,
                114,
                115,
                116,
                117,
                118,
                119,
                120,
                123,
                124,
                139,
                140,
                141,
                142,
                143,
                144,
                145,
                146,
                147,
                148,
                149,
                150,
                151,
                152,
                159,
                160,
                161,
                163,
                164,
                166,
                167,
                168,
                170,
                171,
                172,
                173,
                174,
                176,
                177,
                179,
                180,
                182,
                183,
                193,
                194,
                195,
                197,
                198,
                200,
                201,
                202,
                203,
                204,
                205,
                206,
                207,
                208,
                209,
                210,
                211,
                212,
                213,
                214,
                215,
                216,
                217,
                219,
                225,
                226,
                227,
                228,
                229,
                230,
                231,
                232,
                233,
                236,
                237,
                238,
                239,
                240,
                241,
                242,
                243,
                244,
                246,
                251,
                252,
                253,
                254,
                255,
                256,
                260,
                261,
                262,
                263,
                264,
                269
            ],
            "excluded_lines": [],
            "executed_branches": [
                [
                    48,
                    49
                ],
                [
                    62,
                    64
                ],
                [
                    68,
                    71
                ],
                [
                    80,
                    82
                ],
                [
                    83,
                    84
                ],
                [
                    83,
                    95
                ],
                [
                    84,
                    85
                ],
                [
                    84,
                    86
                ]
            ],
            "missing_branches": [
                [
                    48,
                    51
                ],
                [
                    62,
                    63
                ],
                [
                    68,
                    70
                ],
                [
                    80,
                    81
                ],
                [
                    101,
                    102
                ],
                [
                    101,
                    107
                ],
                [
                    104,
                    105
                ],
                [
                    104,
                    106
                ],
                [
                    112,
                    113
                ],
                [
                    112,
                    114
                ],
                [
                    115,
                    116
                ],
                [
                    115,
                    124
                ],
                [
                    116,
                    117
                ],
                [
                    116,
                    118
                ],
                [
                    120,
                    115
                ],
                [
                    120,
                    123
                ],
                [
                    141,
                    142
                ],
                [
                    141,
                    149
                ],
                [
                    144,
                    145
                ],
                [
                    144,
                    146
                ],
                [
                    150,
                    151
                ],
                [
                    150,
                    152
                ],
                [
                    194,
                    195
                ],
                [
                    194,
                    197
                ],
                [
                    207,
                    208
                ],
                [
                    207,
                    209
                ],
                [
                    210,
                    211
                ],
                [
                    210,
                    212
                ],
                [
                    225,
                    226
                ],
                [
                    225,
                    236
                ],
                [
                    228,
                    225
                ],
                [
                    228,
                    229
                ],
                [
                    230,
                    225
                ],
                [
                    230,
                    231
                ],
                [
                    237,
                    238
                ],
                [
                    237,
                    246
                ],
                [
                    241,
                    237
                ],
                [
                    241,
                    242
                ],
                [
                    251,
                    252
                ],
                [
                    251,
                    253
                ],
                [
                    254,
                    255
                ],
                [
                    254,
                    256
                ]
            ],
            "functions": {
                "session_path": {
                    "executed_lines": [
                        33
                    ],
                    "summary": {
                        "covered_lines": 1,
                        "num_statements": 1,
                        "percent_covered": 100.0,
                        "percent_covered_display": "100",
                        "missing_lines": 0,
                        "excluded_lines": 0,
                        "percent_statements_covered": 100.0,
                        "percent_statements_covered_display": "100",
                        "num_branches": 0,
                        "num_partial_branches": 0,
                        "covered_branches": 0,
                        "missing_branches": 0,
                        "percent_branches_covered": 100.0,
                        "percent_branches_covered_display": "100"
                    },
                    "missing_lines": [],
                    "excluded_lines": [],
                    "start_line": 32,
                    "executed_branches": [],
                    "missing_branches": []
                },
                "_meta_path": {
                    "executed_lines": [
                        37
                    ],
                    "summary": {
                        "covered_lines": 1,
                        "num_statements": 1,
                        "percent_covered": 100.0,
                        "percent_covered_display": "100",
                        "missing_lines": 0,
                        "excluded_lines": 0,
                        "percent_statements_covered": 100.0,
                        "percent_statements_covered_display": "100",
                        "num_branches": 0,
                        "num_partial_branches": 0,
                        "covered_branches": 0,
                        "missing_branches": 0,
                        "percent_branches_covered": 100.0,
                        "percent_branches_covered_display": "100"
                    },
                    "missing_lines": [],
                    "excluded_lines": [],
                    "start_line": 36,
                    "executed_branches": [],
                    "missing_branches": []
                },
                "_save_meta": {
                    "executed_lines": [],
                    "summary": {
                        "covered_lines": 0,
                        "num_statements": 3,
                        "percent_covered": 0.0,
                        "percent_covered_display": "0",
                        "missing_lines": 3,
                        "excluded_lines": 0,
                        "percent_statements_covered": 0.0,
                        "percent_statements_covered_display": "0",
                        "num_branches": 0,
                        "num_partial_branches": 0,
                        "covered_branches": 0,
                        "missing_branches": 0,
                        "percent_branches_covered": 100.0,
                        "percent_branches_covered_display": "100"
                    },
                    "missing_lines": [
                        41,
                        42,
                        43
                    ],
                    "excluded_lines": [],
                    "start_line": 40,
                    "executed_branches": [],
                    "missing_branches": []
                },
                "_load_meta": {
                    "executed_lines": [
                        47,
                        48,
                        49,
                        50
                    ],
                    "summary": {
                        "covered_lines": 4,
                        "num_statements": 5,
                        "percent_covered": 71.42857142857143,
                        "percent_covered_display": "71",
                        "missing_lines": 1,
                        "excluded_lines": 0,
                        "percent_statements_covered": 80.0,
                        "percent_statements_covered_display": "80",
                        "num_branches": 2,
                        "num_partial_branches": 1,
                        "covered_branches": 1,
                        "missing_branches": 1,
                        "percent_branches_covered": 50.0,
                        "percent_branches_covered_display": "50"
                    },
                    "missing_lines": [
                        51
                    ],
                    "excluded_lines": [],
                    "start_line": 46,
                    "executed_branches": [
                        [
                            48,
                            49
                        ]
                    ],
                    "missing_branches": [
                        [
                            48,
                            51
                        ]
                    ]
                },
                "session_is_valid": {
                    "executed_lines": [
                        61,
                        62,
                        64,
                        65,
                        66,
                        67,
                        68,
                        71
                    ],
                    "summary": {
                        "covered_lines": 8,
                        "num_statements": 12,
                        "percent_covered": 62.5,
                        "percent_covered_display": "62",
                        "missing_lines": 4,
                        "excluded_lines": 0,
                        "percent_statements_covered": 66.66666666666667,
                        "percent_statements_covered_display": "67",
                        "num_branches": 4,
                        "num_partial_branches": 2,
                        "covered_branches": 2,
                        "missing_branches": 2,
                        "percent_branches_covered": 50.0,
                        "percent_branches_covered_display": "50"
                    },
                    "missing_lines": [
                        63,
                        70,
                        72,
                        73
                    ],
                    "excluded_lines": [],
                    "start_line": 54,
                    "executed_branches": [
                        [
                            62,
                            64
                        ],
                        [
                            68,
                            71
                        ]
                    ],
                    "missing_branches": [
                        [
                            62,
                            63
                        ],
                        [
                            68,
                            70
                        ]
                    ]
                },
                "list_sessions": {
                    "executed_lines": [
                        80,
                        82,
                        83,
                        84,
                        85,
                        86,
                        87,
                        88,
                        95
                    ],
                    "summary": {
                        "covered_lines": 9,
                        "num_statements": 10,
                        "percent_covered": 87.5,
                        "percent_covered_display": "88",
                        "missing_lines": 1,
                        "excluded_lines": 0,
                        "percent_statements_covered": 90.0,
                        "percent_statements_covered_display": "90",
                        "num_branches": 6,
                        "num_partial_branches": 1,
                        "covered_branches": 5,
                        "missing_branches": 1,
                        "percent_branches_covered": 83.33333333333333,
                        "percent_branches_covered_display": "83"
                    },
                    "missing_lines": [
                        81
                    ],
                    "excluded_lines": [],
                    "start_line": 78,
                    "executed_branches": [
                        [
                            80,
                            82
                        ],
                        [
                            83,
                            84
                        ],
                        [
                            83,
                            95
                        ],
                        [
                            84,
                            85
                        ],
                        [
                            84,
                            86
                        ]
                    ],
                    "missing_branches": [
                        [
                            80,
                            81
                        ]
                    ]
                },
                "delete_session": {
                    "executed_lines": [],
                    "summary": {
                        "covered_lines": 0,
                        "num_statements": 8,
                        "percent_covered": 0.0,
                        "percent_covered_display": "0",
                        "missing_lines": 8,
                        "excluded_lines": 0,
                        "percent_statements_covered": 0.0,
                        "percent_statements_covered_display": "0",
                        "num_branches": 4,
                        "num_partial_branches": 0,
                        "covered_branches": 0,
                        "missing_branches": 4,
                        "percent_branches_covered": 0.0,
                        "percent_branches_covered_display": "0"
                    },
                    "missing_lines": [
                        100,
                        101,
                        102,
                        103,
                        104,
                        105,
                        106,
                        107
                    ],
                    "excluded_lines": [],
                    "start_line": 98,
                    "executed_branches": [],
                    "missing_branches": [
                        [
                            101,
                            102
                        ],
                        [
                            101,
                            107
                        ],
                        [
                            104,
                            105
                        ],
                        [
                            104,
                            106
                        ]
                    ]
                },
                "find_session_for_url": {
                    "executed_lines": [],
                    "summary": {
                        "covered_lines": 0,
                        "num_statements": 11,
                        "percent_covered": 0.0,
                        "percent_covered_display": "0",
                        "missing_lines": 11,
                        "excluded_lines": 0,
                        "percent_statements_covered": 0.0,
                        "percent_statements_covered_display": "0",
                        "num_branches": 8,
                        "num_partial_branches": 0,
                        "covered_branches": 0,
                        "missing_branches": 8,
                        "percent_branches_covered": 0.0,
                        "percent_branches_covered_display": "0"
                    },
                    "missing_lines": [
                        112,
                        113,
                        114,
                        115,
                        116,
                        117,
                        118,
                        119,
                        120,
                        123,
                        124
                    ],
                    "excluded_lines": [],
                    "start_line": 110,
                    "executed_branches": [],
                    "missing_branches": [
                        [
                            112,
                            113
                        ],
                        [
                            112,
                            114
                        ],
                        [
                            115,
                            116
                        ],
                        [
                            115,
                            124
                        ],
                        [
                            116,
                            117
                        ],
                        [
                            116,
                            118
                        ],
                        [
                            120,
                            115
                        ],
                        [
                            120,
                            123
                        ]
                    ]
                },
                "_launch_browser": {
                    "executed_lines": [],
                    "summary": {
                        "covered_lines": 0,
                        "num_statements": 14,
                        "percent_covered": 0.0,
                        "percent_covered_display": "0",
                        "missing_lines": 14,
                        "excluded_lines": 0,
                        "percent_statements_covered": 0.0,
                        "percent_statements_covered_display": "0",
                        "num_branches": 6,
                        "num_partial_branches": 0,
                        "covered_branches": 0,
                        "missing_branches": 6,
                        "percent_branches_covered": 0.0,
                        "percent_branches_covered_display": "0"
                    },
                    "missing_lines": [
                        139,
                        140,
                        141,
                        142,
                        143,
                        144,
                        145,
                        146,
                        147,
                        148,
                        149,
                        150,
                        151,
                        152
                    ],
                    "excluded_lines": [],
                    "start_line": 137,
                    "executed_branches": [],
                    "missing_branches": [
                        [
                            141,
                            142
                        ],
                        [
                            141,
                            149
                        ],
                        [
                            144,
                            145
                        ],
                        [
                            144,
                            146
                        ],
                        [
                            150,
                            151
                        ],
                        [
                            150,
                            152
                        ]
                    ]
                },
                "login": {
                    "executed_lines": [],
                    "summary": {
                        "covered_lines": 0,
                        "num_statements": 19,
                        "percent_covered": 0.0,
                        "percent_covered_display": "0",
                        "missing_lines": 19,
                        "excluded_lines": 0,
                        "percent_statements_covered": 0.0,
                        "percent_statements_covered_display": "0",
                        "num_branches": 0,
                        "num_partial_branches": 0,
                        "covered_branches": 0,
                        "missing_branches": 0,
                        "percent_branches_covered": 100.0,
                        "percent_branches_covered_display": "100"
                    },
                    "missing_lines": [
                        159,
                        160,
                        161,
                        163,
                        164,
                        166,
                        167,
                        168,
                        170,
                        171,
                        172,
                        173,
                        174,
                        176,
                        177,
                        179,
                        180,
                        182,
                        183
                    ],
                    "excluded_lines": [],
                    "start_line": 157,
                    "executed_branches": [],
                    "missing_branches": []
                },
                "browser_download": {
                    "executed_lines": [],
                    "summary": {
                        "covered_lines": 0,
                        "num_statements": 24,
                        "percent_covered": 0.0,
                        "percent_covered_display": "0",
                        "missing_lines": 24,
                        "excluded_lines": 0,
                        "percent_statements_covered": 0.0,
                        "percent_statements_covered_display": "0",
                        "num_branches": 6,
                        "num_partial_branches": 0,
                        "covered_branches": 0,
                        "missing_branches": 6,
                        "percent_branches_covered": 0.0,
                        "percent_branches_covered_display": "0"
                    },
                    "missing_lines": [
                        193,
                        194,
                        195,
                        197,
                        198,
                        200,
                        201,
                        202,
                        203,
                        204,
                        205,
                        206,
                        207,
                        208,
                        209,
                        210,
                        211,
                        212,
                        213,
                        214,
                        215,
                        216,
                        217,
                        219
                    ],
                    "excluded_lines": [],
                    "start_line": 188,
                    "executed_branches": [],
                    "missing_branches": [
                        [
                            194,
                            195
                        ],
                        [
                            194,
                            197
                        ],
                        [
                            207,
                            208
                        ],
                        [
                            207,
                            209
                        ],
                        [
                            210,
                            211
                        ],
                        [
                            210,
                            212
                        ]
                    ]
                },
                "_find_pdf_url": {
                    "executed_lines": [],
                    "summary": {
                        "covered_lines": 0,
                        "num_statements": 19,
                        "percent_covered": 0.0,
                        "percent_covered_display": "0",
                        "missing_lines": 19,
                        "excluded_lines": 0,
                        "percent_statements_covered": 0.0,
                        "percent_statements_covered_display": "0",
                        "num_branches": 10,
                        "num_partial_branches": 0,
                        "covered_branches": 0,
                        "missing_branches": 10,
                        "percent_branches_covered": 0.0,
                        "percent_branches_covered_display": "0"
                    },
                    "missing_lines": [
                        225,
                        226,
                        227,
                        228,
                        229,
                        230,
                        231,
                        232,
                        233,
                        236,
                        237,
                        238,
                        239,
                        240,
                        241,
                        242,
                        243,
                        244,
                        246
                    ],
                    "excluded_lines": [],
                    "start_line": 222,
                    "executed_branches": [],
                    "missing_branches": [
                        [
                            225,
                            226
                        ],
                        [
                            225,
                            236
                        ],
                        [
                            228,
                            225
                        ],
                        [
                            228,
                            229
                        ],
                        [
                            230,
                            225
                        ],
                        [
                            230,
                            231
                        ],
                        [
                            237,
                            238
                        ],
                        [
                            237,
                            246
                        ],
                        [
                            241,
                            237
                        ],
                        [
                            241,
                            242
                        ]
                    ]
                },
                "_absolutise": {
                    "executed_lines": [],
                    "summary": {
                        "covered_lines": 0,
                        "num_statements": 6,
                        "percent_covered": 0.0,
                        "percent_covered_display": "0",
                        "missing_lines": 6,
                        "excluded_lines": 0,
                        "percent_statements_covered": 0.0,
                        "percent_statements_covered_display": "0",
                        "num_branches": 4,
                        "num_partial_branches": 0,
                        "covered_branches": 0,
                        "missing_branches": 4,
                        "percent_branches_covered": 0.0,
                        "percent_branches_covered_display": "0"
                    },
                    "missing_lines": [
                        251,
                        252,
                        253,
                        254,
                        255,
                        256
                    ],
                    "excluded_lines": [],
                    "start_line": 249,
                    "executed_branches": [],
                    "missing_branches": [
                        [
                            251,
                            252
                        ],
                        [
                            251,
                            253
                        ],
                        [
                            254,
                            255
                        ],
                        [
                            254,
                            256
                        ]
                    ]
                },
                "_require_playwright": {
                    "executed_lines": [],
                    "summary": {
                        "covered_lines": 0,
                        "num_statements": 6,
                        "percent_covered": 0.0,
                        "percent_covered_display": "0",
                        "missing_lines": 6,
                        "excluded_lines": 0,
                        "percent_statements_covered": 0.0,
                        "percent_statements_covered_display": "0",
                        "num_branches": 0,
                        "num_partial_branches": 0,
                        "covered_branches": 0,
                        "missing_branches": 0,
                        "percent_branches_covered": 100.0,
                        "percent_branches_covered_display": "100"
                    },
                    "missing_lines": [
                        260,
                        261,
                        262,
                        263,
                        264,
                        269
                    ],
                    "excluded_lines": [],
                    "start_line": 259,
                    "executed_branches": [],
                    "missing_branches": []
                },
                "": {
                    "executed_lines": [
                        2,
                        3,
                        4,
                        5,
                        6,
                        7,
                        8,
                        10,
                        13,
                        20,
                        32,
                        36,
                        40,
                        46,
                        54,
                        78,
                        98,
                        110,
                        133,
                        134,
                        137,
                        157,
                        188,
                        222,
                        249,
                        259
                    ],
                    "summary": {
                        "covered_lines": 26,
                        "num_statements": 26,
                        "percent_covered": 100.0,
                        "percent_covered_display": "100",
                        "missing_lines": 0,
                        "excluded_lines": 0,
                        "percent_statements_covered": 100.0,
                        "percent_statements_covered_display": "100",
                        "num_branches": 0,
                        "num_partial_branches": 0,
                        "covered_branches": 0,
                        "missing_branches": 0,
                        "percent_branches_covered": 100.0,
                        "percent_branches_covered_display": "100"
                    },
                    "missing_lines": [],
                    "excluded_lines": [],
                    "start_line": 1,
                    "executed_branches": [],
                    "missing_branches": []
                }
            },
            "classes": {
                "": {
                    "executed_lines": [
                        2,
                        3,
                        4,
                        5,
                        6,
                        7,
                        8,
                        10,
                        13,
                        20,
                        32,
                        33,
                        36,
                        37,
                        40,
                        46,
                        47,
                        48,
                        49,
                        50,
                        54,
                        61,
                        62,
                        64,
                        65,
                        66,
                        67,
                        68,
                        71,
                        78,
                        80,
                        82,
                        83,
                        84,
                        85,
                        86,
                        87,
                        88,
                        95,
                        98,
                        110,
                        133,
                        134,
                        137,
                        157,
                        188,
                        222,
                        249,
                        259
                    ],
                    "summary": {
                        "covered_lines": 49,
                        "num_statements": 165,
                        "percent_covered": 26.511627906976745,
                        "percent_covered_display": "27",
                        "missing_lines": 116,
                        "excluded_lines": 0,
                        "percent_statements_covered": 29.696969696969695,
                        "percent_statements_covered_display": "30",
                        "num_branches": 50,
                        "num_partial_branches": 4,
                        "covered_branches": 8,
                        "missing_branches": 42,
                        "percent_branches_covered": 16.0,
                        "percent_branches_covered_display": "16"
                    },
                    "missing_lines": [
                        41,
                        42,
                        43,
                        51,
                        63,
                        70,
                        72,
                        73,
                        81,
                        100,
                        101,
                        102,
                        103,
                        104,
                        105,
                        106,
                        107,
                        112,
                        113,
                        114,
                        115,
                        116,
                        117,
                        118,
                        119,
                        120,
                        123,
                        124,
                        139,
                        140,
                        141,
                        142,
                        143,
                        144,
                        145,
                        146,
                        147,
                        148,
                        149,
                        150,
                        151,
                        152,
                        159,
                        160,
                        161,
                        163,
                        164,
                        166,
                        167,
                        168,
                        170,
                        171,
                        172,
                        173,
                        174,
                        176,
                        177,
                        179,
                        180,
                        182,
                        183,
                        193,
                        194,
                        195,
                        197,
                        198,
                        200,
                        201,
                        202,
                        203,
                        204,
                        205,
                        206,
                        207,
                        208,
                        209,
                        210,
                        211,
                        212,
                        213,
                        214,
                        215,
                        216,
                        217,
                        219,
                        225,
                        226,
                        227,
                        228,
                        229,
                        230,
                        231,
                        232,
                        233,
                        236,
                        237,
                        238,
                        239,
                        240,
                        241,
                        242,
                        243,
                        244,
                        246,
                        251,
                        252,
                        253,
                        254,
                        255,
                        256,
                        260,
                        261,
                        262,
                        263,
                        264,
                        269
                    ],
                    "excluded_lines": [],
                    "start_line": 1,
                    "executed_branches": [
                        [
                            48,
                            49
                        ],
                        [
                            62,
                            64
                        ],
                        [
                            68,
                            71
                        ],
                        [
                            80,
                            82
                        ],
                        [
                            83,
                            84
                        ],
                        [
                            83,
                            95
                        ],
                        [
                            84,
                            85
                        ],
                        [
                            84,
                            86
                        ]
                    ],
                    "missing_branches": [
                        [
                            48,
                            51
                        ],
                        [
                            62,
                            63
                        ],
                        [
                            68,
                            70
                        ],
                        [
                            80,
                            81
                        ],
                        [
                            101,
                            102
                        ],
                        [
                            101,
                            107
                        ],
                        [
                            104,
                            105
                        ],
                        [
                            104,
                            106
                        ],
                        [
                            112,
                            113
                        ],
                        [
                            112,
                            114
                        ],
                        [
                            115,
                            116
                        ],
                        [
                            115,
                            124
                        ],
                        [
                            116,
                            117
                        ],
                        [
                            116,
                            118
                        ],
                        [
                            120,
                            115
                        ],
                        [
                            120,
                            123
                        ],
                        [
                            141,
                            142
                        ],
                        [
                            141,
                            149
                        ],
                        [
                            144,
                            145
                        ],
                        [
                            144,
                            146
                        ],
                        [
                            150,
                            151
                        ],
                        [
                            150,
                            152
                        ],
                        [
                            194,
                            195
                        ],
                        [
                            194,
                            197
                        ],
                        [
                            207,
                            208
                        ],
                        [
                            207,
                            209
                        ],
                        [
                            210,
                            211
                        ],
                        [
                            210,
                            212
                        ],
                        [
                            225,
                            226
                        ],
                        [
                            225,
                            236
                        ],
                        [
                            228,
                            225
                        ],
                        [
                            228,
                            229
                        ],
                        [
                            230,
                            225
                        ],
                        [
                            230,
                            231
                        ],
                        [
                            237,
                            238
                        ],
                        [
                            237,
                            246
                        ],
                        [
                            241,
                            237
                        ],
                        [
                            241,
                            242
                        ],
                        [
                            251,
                            252
                        ],
                        [
                            251,
                            253
                        ],
                        [
                            254,
                            255
                        ],
                        [
                            254,
                            256
                        ]
                    ]
                }
            }
        },
        "mosaic/cli.py": {
            "executed_lines": [],
            "summary": {
                "covered_lines": 0,
                "num_statements": 301,
                "percent_covered": 0.0,
                "percent_covered_display": "0",
                "missing_lines": 301,
                "excluded_lines": 2,
                "percent_statements_covered": 0.0,
                "percent_statements_covered_display": "0",
                "num_branches": 120,
                "num_partial_branches": 0,
                "covered_branches": 0,
                "missing_branches": 120,
                "percent_branches_covered": 0.0,
                "percent_branches_covered_display": "0"
            },
            "missing_lines": [
                2,
                3,
                4,
                5,
                6,
                7,
                8,
                9,
                10,
                12,
                13,
                14,
                15,
                16,
                17,
                24,
                25,
                26,
                27,
                28,
                31,
                32,
                33,
                34,
                35,
                38,
                39,
                45,
                46,
                49,
                50,
                51,
                52,
                53,
                54,
                55,
                58,
                59,
                60,
                61,
                63,
                64,
                65,
                66,
                67,
                68,
                69,
                70,
                71,
                72,
                73,
                74,
                75,
                76,
                77,
                78,
                79,
                80,
                81,
                82,
                83,
                86,
                87,
                103,
                104,
                105,
                106,
                107,
                110,
                116,
                117,
                118,
                119,
                120,
                121,
                122,
                123,
                124,
                125,
                127,
                128,
                129,
                132,
                133,
                134,
                135,
                136,
                137,
                138,
                139,
                140,
                141,
                142,
                143,
                145,
                146,
                147,
                148,
                150,
                151,
                153,
                154,
                155,
                156,
                158,
                159,
                160,
                163,
                164,
                166,
                168,
                169,
                170,
                171,
                172,
                173,
                174,
                175,
                176,
                178,
                179,
                182,
                183,
                187,
                188,
                189,
                190,
                191,
                193,
                194,
                196,
                199,
                200,
                209,
                211,
                212,
                213,
                214,
                215,
                216,
                217,
                218,
                219,
                220,
                222,
                223,
                224,
                226,
                227,
                228,
                231,
                232,
                233,
                234,
                235,
                236,
                237,
                238,
                239,
                240,
                242,
                243,
                244,
                245,
                246,
                248,
                249,
                252,
                253,
                254,
                255,
                256,
                258,
                259,
                260,
                261,
                262,
                263,
                264,
                265,
                266,
                267,
                268,
                270,
                271,
                273,
                276,
                277,
                305,
                306,
                308,
                309,
                310,
                311,
                312,
                313,
                315,
                316,
                317,
                320,
                321,
                322,
                323,
                324,
                325,
                326,
                327,
                328,
                329,
                330,
                333,
                334,
                335,
                336,
                337,
                338,
                339,
                340,
                341,
                342,
                343,
                344,
                345,
                346,
                347,
                348,
                351,
                352,
                353,
                355,
                356,
                357,
                359,
                360,
                361,
                362,
                363,
                364,
                365,
                366,
                367,
                368,
                369,
                370,
                372,
                373,
                374,
                375,
                377,
                378,
                380,
                381,
                382,
                383,
                385,
                386,
                387,
                389,
                391,
                392,
                393,
                394,
                395,
                397,
                398,
                400,
                401,
                403,
                404,
                405,
                407,
                408,
                409,
                412,
                413,
                418,
                419,
                420,
                423,
                424,
                428,
                429,
                430,
                432,
                435,
                436,
                438,
                439,
                440,
                441,
                442,
                443,
                444,
                445,
                446,
                447,
                448,
                449,
                450,
                451,
                452
            ],
            "excluded_lines": [
                455,
                456
            ],
            "executed_branches": [],
            "missing_branches": [
                [
                    25,
                    -24
                ],
                [
                    25,
                    26
                ],
                [
                    52,
                    53
                ],
                [
                    52,
                    54
                ],
                [
                    54,
                    55
                ],
                [
                    54,
                    58
                ],
                [
                    58,
                    59
                ],
                [
                    58,
                    66
                ],
                [
                    60,
                    61
                ],
                [
                    60,
                    63
                ],
                [
                    64,
                    65
                ],
                [
                    64,
                    66
                ],
                [
                    66,
                    67
                ],
                [
                    66,
                    68
                ],
                [
                    68,
                    69
                ],
                [
                    68,
                    70
                ],
                [
                    70,
                    71
                ],
                [
                    70,
                    72
                ],
                [
                    72,
                    73
                ],
                [
                    72,
                    74
                ],
                [
                    74,
                    75
                ],
                [
                    74,
                    76
                ],
                [
                    76,
                    77
                ],
                [
                    76,
                    80
                ],
                [
                    78,
                    79
                ],
                [
                    78,
                    80
                ],
                [
                    80,
                    81
                ],
                [
                    80,
                    83
                ],
                [
                    81,
                    80
                ],
                [
                    81,
                    82
                ],
                [
                    104,
                    105
                ],
                [
                    104,
                    106
                ],
                [
                    116,
                    117
                ],
                [
                    116,
                    127
                ],
                [
                    118,
                    119
                ],
                [
                    118,
                    121
                ],
                [
                    123,
                    124
                ],
                [
                    123,
                    127
                ],
                [
                    127,
                    128
                ],
                [
                    127,
                    132
                ],
                [
                    133,
                    134
                ],
                [
                    133,
                    145
                ],
                [
                    135,
                    136
                ],
                [
                    135,
                    145
                ],
                [
                    150,
                    151
                ],
                [
                    150,
                    153
                ],
                [
                    153,
                    154
                ],
                [
                    153,
                    155
                ],
                [
                    155,
                    156
                ],
                [
                    155,
                    158
                ],
                [
                    158,
                    159
                ],
                [
                    158,
                    163
                ],
                [
                    163,
                    164
                ],
                [
                    163,
                    166
                ],
                [
                    168,
                    169
                ],
                [
                    168,
                    178
                ],
                [
                    170,
                    171
                ],
                [
                    170,
                    178
                ],
                [
                    178,
                    -86
                ],
                [
                    178,
                    179
                ],
                [
                    193,
                    194
                ],
                [
                    193,
                    196
                ],
                [
                    211,
                    212
                ],
                [
                    211,
                    213
                ],
                [
                    213,
                    214
                ],
                [
                    213,
                    215
                ],
                [
                    215,
                    216
                ],
                [
                    215,
                    217
                ],
                [
                    217,
                    218
                ],
                [
                    217,
                    219
                ],
                [
                    219,
                    220
                ],
                [
                    219,
                    222
                ],
                [
                    222,
                    223
                ],
                [
                    222,
                    226
                ],
                [
                    226,
                    -199
                ],
                [
                    226,
                    227
                ],
                [
                    242,
                    243
                ],
                [
                    242,
                    248
                ],
                [
                    259,
                    260
                ],
                [
                    259,
                    273
                ],
                [
                    260,
                    261
                ],
                [
                    260,
                    263
                ],
                [
                    266,
                    267
                ],
                [
                    266,
                    270
                ],
                [
                    308,
                    309
                ],
                [
                    308,
                    311
                ],
                [
                    311,
                    312
                ],
                [
                    311,
                    315
                ],
                [
                    316,
                    317
                ],
                [
                    316,
                    320
                ],
                [
                    333,
                    334
                ],
                [
                    333,
                    351
                ],
                [
                    335,
                    336
                ],
                [
                    335,
                    338
                ],
                [
                    346,
                    347
                ],
                [
                    346,
                    348
                ],
                [
                    355,
                    356
                ],
                [
                    355,
                    359
                ],
                [
                    360,
                    361
                ],
                [
                    360,
                    372
                ],
                [
                    362,
                    363
                ],
                [
                    362,
                    372
                ],
                [
                    377,
                    378
                ],
                [
                    377,
                    380
                ],
                [
                    380,
                    381
                ],
                [
                    380,
                    382
                ],
                [
                    382,
                    383
                ],
                [
                    382,
                    385
                ],
                [
                    385,
                    386
                ],
                [
                    385,
                    389
                ],
                [
                    393,
                    394
                ],
                [
                    393,
                    400
                ],
                [
                    408,
                    -276
                ],
                [
                    408,
                    409
                ],
                [
                    429,
                    430
                ],
                [
                    429,
                    432
                ],
                [
                    440,
                    441
                ],
                [
                    440,
                    443
                ],
                [
                    449,
                    450
                ],
                [
                    449,
                    452
                ]
            ],
            "functions": {
                "_version_callback": {
                    "executed_lines": [],
                    "summary": {
                        "covered_lines": 0,
                        "num_statements": 4,
                        "percent_covered": 0.0,
                        "percent_covered_display": "0",
                        "missing_lines": 4,
                        "excluded_lines": 0,
                        "percent_statements_covered": 0.0,
                        "percent_statements_covered_display": "0",
                        "num_branches": 2,
                        "num_partial_branches": 0,
                        "covered_branches": 0,
                        "missing_branches": 2,
                        "percent_branches_covered": 0.0,
                        "percent_branches_covered_display": "0"
                    },
                    "missing_lines": [
                        25,
                        26,
                        27,
                        28
                    ],
                    "excluded_lines": [],
                    "start_line": 24,
                    "executed_branches": [],
                    "missing_branches": [
                        [
                            25,
                            -24
                        ],
                        [
                            25,
                            26
                        ]
                    ]
                },
                "main": {
                    "executed_lines": [],
                    "summary": {
                        "covered_lines": 0,
                        "num_statements": 1,
                        "percent_covered": 0.0,
                        "percent_covered_display": "0",
                        "missing_lines": 1,
                        "excluded_lines": 0,
                        "percent_statements_covered": 0.0,
                        "percent_statements_covered_display": "0",
                        "num_branches": 0,
                        "num_partial_branches": 0,
                        "covered_branches": 0,
                        "missing_branches": 0,
                        "percent_branches_covered": 100.0,
                        "percent_branches_covered_display": "100"
                    },
                    "missing_lines": [
                        45
                    ],
                    "excluded_lines": [],
                    "start_line": 39,
                    "executed_branches": [],
                    "missing_branches": []
                },
                "_build_sources": {
                    "executed_lines": [],
                    "summary": {
                        "covered_lines": 0,
                        "num_statements": 31,
                        "percent_covered": 0.0,
                        "percent_covered_display": "0",
                        "missing_lines": 31,
                        "excluded_lines": 0,
                        "percent_statements_covered": 0.0,
                        "percent_statements_covered_display": "0",
                        "num_branches": 28,
                        "num_partial_branches": 0,
                        "covered_branches": 0,
                        "missing_branches": 28,
                        "percent_branches_covered": 0.0,
                        "percent_branches_covered_display": "0"
                    },
                    "missing_lines": [
                        50,
                        51,
                        52,
                        53,
                        54,
                        55,
                        58,
                        59,
                        60,
                        61,
                        63,
                        64,
                        65,
                        66,
                        67,
                        68,
                        69,
                        70,
                        71,
                        72,
                        73,
                        74,
                        75,
                        76,
                        77,
                        78,
                        79,
                        80,
                        81,
                        82,
                        83
                    ],
                    "excluded_lines": [],
                    "start_line": 49,
                    "executed_branches": [],
                    "missing_branches": [
                        [
                            52,
                            53
                        ],
                        [
                            52,
                            54
                        ],
                        [
                            54,
                            55
                        ],
                        [
                            54,
                            58
                        ],
                        [
                            58,
                            59
                        ],
                        [
                            58,
                            66
                        ],
                        [
                            60,
                            61
                        ],
                        [
                            60,
                            63
                        ],
                        [
                            64,
                            65
                        ],
                        [
                            64,
                            66
                        ],
                        [
                            66,
                            67
                        ],
                        [
                            66,
                            68
                        ],
                        [
                            68,
                            69
                        ],
                        [
                            68,
                            70
                        ],
                        [
                            70,
                            71
                        ],
                        [
                            70,
                            72
                        ],
                        [
                            72,
                            73
                        ],
                        [
                            72,
                            74
                        ],
                        [
                            74,
                            75
                        ],
                        [
                            74,
                            76
                        ],
                        [
                            76,
                            77
                        ],
                        [
                            76,
                            80
                        ],
                        [
                            78,
                            79
                        ],
                        [
                            78,
                            80
                        ],
                        [
                            80,
                            81
                        ],
                        [
                            80,
                            83
                        ],
                        [
                            81,
                            80
                        ],
                        [
                            81,
                            82
                        ]
                    ]
                },
                "search": {
                    "executed_lines": [],
                    "summary": {
                        "covered_lines": 0,
                        "num_statements": 58,
                        "percent_covered": 0.0,
                        "percent_covered_display": "0",
                        "missing_lines": 58,
                        "excluded_lines": 0,
                        "percent_statements_covered": 0.0,
                        "percent_statements_covered_display": "0",
                        "num_branches": 30,
                        "num_partial_branches": 0,
                        "covered_branches": 0,
                        "missing_branches": 30,
                        "percent_branches_covered": 0.0,
                        "percent_branches_covered_display": "0"
                    },
                    "missing_lines": [
                        103,
                        104,
                        105,
                        106,
                        107,
                        110,
                        116,
                        117,
                        118,
                        119,
                        120,
                        121,
                        122,
                        123,
                        124,
                        125,
                        127,
                        128,
                        129,
                        132,
                        133,
                        134,
                        135,
                        136,
                        137,
                        138,
                        139,
                        140,
                        141,
                        142,
                        143,
                        145,
                        146,
                        147,
                        148,
                        150,
                        151,
                        153,
                        154,
                        155,
                        156,
                        158,
                        159,
                        160,
                        163,
                        164,
                        166,
                        168,
                        169,
                        170,
                        171,
                        172,
                        173,
                        174,
                        175,
                        176,
                        178,
                        179
                    ],
                    "excluded_lines": [],
                    "start_line": 87,
                    "executed_branches": [],
                    "missing_branches": [
                        [
                            104,
                            105
                        ],
                        [
                            104,
                            106
                        ],
                        [
                            116,
                            117
                        ],
                        [
                            116,
                            127
                        ],
                        [
[...]
                            233
                        ],
                        [
                            235,
                            236
                        ],
                        [
                            235,
                            238
                        ]
                    ]
                },
                "": {
                    "executed_lines": [
                        9,
                        10,
                        11,
                        12,
                        13,
                        15,
                        16,
                        18,
                        19,
                        20,
                        23,
                        26,
                        28,
                        40,
                        66,
                        116,
                        158,
                        179
                    ],
                    "summary": {
                        "covered_lines": 18,
                        "num_statements": 18,
                        "percent_covered": 100.0,
                        "percent_covered_display": "100",
                        "missing_lines": 0,
                        "excluded_lines": 0,
                        "percent_statements_covered": 100.0,
                        "percent_statements_covered_display": "100",
                        "num_branches": 0,
                        "num_partial_branches": 0,
                        "covered_branches": 0,
                        "missing_branches": 0,
                        "percent_branches_covered": 100.0,
                        "percent_branches_covered_display": "100"
                    },
                    "missing_lines": [],
                    "excluded_lines": [],
                    "start_line": 1,
                    "executed_branches": [],
                    "missing_branches": []
                }
            },
            "classes": {
                "SpringerBrowserSource": {
                    "executed_lines": [],
                    "summary": {
                        "covered_lines": 0,
                        "num_statements": 99,
                        "percent_covered": 0.0,
                        "percent_covered_display": "0",
                        "missing_lines": 99,
                        "excluded_lines": 0,
                        "percent_statements_covered": 0.0,
                        "percent_statements_covered_display": "0",
                        "num_branches": 36,
                        "num_partial_branches": 0,
                        "covered_branches": 0,
                        "missing_branches": 36,
                        "percent_branches_covered": 0.0,
                        "percent_branches_covered_display": "0"
                    },
                    "missing_lines": [
                        34,
                        35,
                        36,
                        37,
                        38,
                        57,
                        58,
                        59,
                        60,
                        61,
                        62,
                        82,
                        83,
                        85,
                        86,
                        88,
                        89,
                        90,
                        91,
                        92,
                        93,
                        94,
                        95,
                        96,
                        97,
                        98,
                        99,
                        100,
                        101,
                        105,
                        106,
                        107,
                        108,
                        109,
                        110,
                        111,
                        113,
                        114,
                        132,
                        134,
                        138,
                        139,
                        141,
                        143,
                        144,
                        145,
                        146,
                        147,
                        148,
                        149,
                        150,
                        151,
                        153,
                        154,
                        156,
                        168,
                        169,
                        170,
                        171,
                        172,
                        173,
                        174,
                        175,
                        176,
                        177,
                        192,
                        193,
                        194,
                        195,
                        196,
                        197,
                        199,
                        200,
                        203,
                        204,
                        205,
                        206,
                        209,
                        210,
                        211,
                        212,
                        214,
                        215,
                        218,
                        219,
                        220,
                        221,
                        224,
                        225,
                        226,
                        227,
                        228,
                        229,
                        230,
                        233,
                        234,
                        235,
                        236,
                        238
                    ],
                    "excluded_lines": [],
                    "start_line": 23,
                    "executed_branches": [],
                    "missing_branches": [
                        [
                            94,
                            95
                        ],
                        [
                            94,
                            113
                        ],
                        [
                            100,
                            101
                        ],
                        [
                            100,
                            105
                        ],
                        [
                            108,
                            94
                        ],
                        [
                            108,
                            109
                        ],
                        [
                            138,
                            139
                        ],
                        [
                            138,
                            141
                        ],
                        [
                            143,
                            144
                        ],
                        [
                            143,
                            153
                        ],
                        [
                            146,
                            147
                        ],
                        [
                            146,
                            150
                        ],
                        [
                            150,
                            151
                        ],
                        [
                            150,
                            153
                        ],
                        [
                            153,
                            154
                        ],
                        [
                            153,
                            156
                        ],
                        [
                            170,
                            171
                        ],
                        [
                            170,
                            177
                        ],
                        [
                            173,
                            170
                        ],
                        [
                            173,
                            174
                        ],
                        [
                            193,
                            194
                        ],
                        [
                            193,
                            195
                        ],
                        [
                            196,
                            197
                        ],
                        [
                            196,
                            199
                        ],
                        [
                            205,
                            206
                        ],
                        [
                            205,
                            209
                        ],
                        [
                            211,
                            212
                        ],
                        [
                            211,
                            218
                        ],
                        [
                            220,
                            221
                        ],
                        [
                            220,
                            224
                        ],
                        [
                            226,
                            227
                        ],
                        [
                            226,
                            233
                        ],
                        [
                            229,
                            230
                        ],
                        [
                            229,
                            233
                        ],
                        [
                            235,
                            236
                        ],
                        [
                            235,
                            238
                        ]
                    ]
                },
                "": {
                    "executed_lines": [
                        9,
                        10,
                        11,
                        12,
                        13,
                        15,
                        16,
                        18,
                        19,
                        20,
                        23,
                        26,
                        28,
                        40,
                        66,
                        116,
                        158,
                        179
                    ],
                    "summary": {
                        "covered_lines": 18,
                        "num_statements": 18,
                        "percent_covered": 100.0,
                        "percent_covered_display": "100",
                        "missing_lines": 0,
                        "excluded_lines": 0,
                        "percent_statements_covered": 100.0,
                        "percent_statements_covered_display": "100",
                        "num_branches": 0,
                        "num_partial_branches": 0,
                        "covered_branches": 0,
                        "missing_branches": 0,
                        "percent_branches_covered": 100.0,
                        "percent_branches_covered_display": "100"
                    },
                    "missing_lines": [],
                    "excluded_lines": [],
                    "start_line": 1,
                    "executed_branches": [],
                    "missing_branches": []
                }
            }
        },
        "mosaic/sources/unpaywall.py": {
            "executed_lines": [
                2,
                3,
                5,
                8
            ],
            "summary": {
                "covered_lines": 4,
                "num_statements": 17,
                "percent_covered": 17.391304347826086,
                "percent_covered_display": "17",
                "missing_lines": 13,
                "excluded_lines": 0,
                "percent_statements_covered": 23.529411764705884,
                "percent_statements_covered_display": "24",
                "num_branches": 6,
                "num_partial_branches": 0,
                "covered_branches": 0,
                "missing_branches": 6,
                "percent_branches_covered": 0.0,
                "percent_branches_covered_display": "0"
            },
            "missing_lines": [
                10,
                11,
                12,
                13,
                14,
                15,
                16,
                17,
                18,
                19,
                20,
                21,
                22
            ],
            "excluded_lines": [],
            "executed_branches": [],
            "missing_branches": [
                [
                    10,
                    11
                ],
                [
                    10,
                    12
                ],
                [
                    14,
                    15
                ],
                [
                    14,
                    16
                ],
                [
                    17,
                    18
                ],
                [
                    17,
                    19
                ]
            ],
            "functions": {
                "resolve": {
                    "executed_lines": [],
                    "summary": {
                        "covered_lines": 0,
                        "num_statements": 13,
                        "percent_covered": 0.0,
                        "percent_covered_display": "0",
                        "missing_lines": 13,
                        "excluded_lines": 0,
                        "percent_statements_covered": 0.0,
                        "percent_statements_covered_display": "0",
                        "num_branches": 6,
                        "num_partial_branches": 0,
                        "covered_branches": 0,
                        "missing_branches": 6,
                        "percent_branches_covered": 0.0,
                        "percent_branches_covered_display": "0"
                    },
                    "missing_lines": [
                        10,
                        11,
                        12,
                        13,
                        14,
                        15,
                        16,
                        17,
                        18,
                        19,
                        20,
                        21,
                        22
                    ],
                    "excluded_lines": [],
                    "start_line": 8,
                    "executed_branches": [],
                    "missing_branches": [
                        [
                            10,
                            11
                        ],
                        [
                            10,
                            12
                        ],
                        [
                            14,
                            15
                        ],
                        [
                            14,
                            16
                        ],
                        [
                            17,
                            18
                        ],
                        [
                            17,
                            19
                        ]
                    ]
                },
                "": {
                    "executed_lines": [
                        2,
                        3,
                        5,
                        8
                    ],
                    "summary": {
                        "covered_lines": 4,
                        "num_statements": 4,
                        "percent_covered": 100.0,
                        "percent_covered_display": "100",
                        "missing_lines": 0,
                        "excluded_lines": 0,
                        "percent_statements_covered": 100.0,
                        "percent_statements_covered_display": "100",
                        "num_branches": 0,
                        "num_partial_branches": 0,
                        "covered_branches": 0,
                        "missing_branches": 0,
                        "percent_branches_covered": 100.0,
                        "percent_branches_covered_display": "100"
                    },
                    "missing_lines": [],
                    "excluded_lines": [],
                    "start_line": 1,
                    "executed_branches": [],
                    "missing_branches": []
                }
            },
            "classes": {
                "": {
                    "executed_lines": [
                        2,
                        3,
                        5,
                        8
                    ],
                    "summary": {
                        "covered_lines": 4,
                        "num_statements": 17,
                        "percent_covered": 17.391304347826086,
                        "percent_covered_display": "17",
                        "missing_lines": 13,
                        "excluded_lines": 0,
                        "percent_statements_covered": 23.529411764705884,
                        "percent_statements_covered_display": "24",
                        "num_branches": 6,
                        "num_partial_branches": 0,
                        "covered_branches": 0,
                        "missing_branches": 6,
                        "percent_branches_covered": 0.0,
                        "percent_branches_covered_display": "0"
                    },
                    "missing_lines": [
                        10,
                        11,
                        12,
                        13,
                        14,
                        15,
                        16,
                        17,
                        18,
                        19,
                        20,
                        21,
                        22
                    ],
                    "excluded_lines": [],
                    "start_line": 1,
                    "executed_branches": [],
                    "missing_branches": [
                        [
                            10,
                            11
                        ],
                        [
                            10,
                            12
                        ],
                        [
                            14,
                            15
                        ],
                        [
                            14,
                            16
                        ],
                        [
                            17,
                            18
                        ],
                        [
                            17,
                            19
                        ]
                    ]
                }
            }
        }
    },
    "totals": {
        "covered_lines": 330,
        "num_statements": 1604,
        "percent_covered": 16.03860294117647,
        "percent_covered_display": "16",
        "missing_lines": 1274,
        "excluded_lines": 2,
        "percent_statements_covered": 20.57356608478803,
        "percent_statements_covered_display": "21",
        "num_branches": 572,
        "num_partial_branches": 15,
        "covered_branches": 19,
        "missing_branches": 553,
        "percent_branches_covered": 3.3216783216783217,
        "percent_branches_covered_display": "3"
    }
}